# JRE version: OpenJDK Runtime Environment (11.0.5+10) (build 11.0.5+10-b520.30)
# Java VM: OpenJDK 64-Bit Server VM (11.0.5+10-b520.30, mixed mode, sharing, tiered, compressed oops, g1 gc, windows-amd64)
Heap:
 garbage-first heap   total 157696K, used 105861K [0x0000000081c00000, 0x0000000100000000)
  region size 1024K, 62 young (63488K), 1 survivors (1024K)
 Metaspace       used 23315K, capacity 24064K, committed 24192K, reserved 1071104K
  class space    used 2336K, capacity 2641K, committed 2688K, reserved 1048576K
GC Heap History (20 events):
Event: 5.614 GC heap before
{Heap before GC invocations=16 (full 0):
 garbage-first heap   total 131072K, used 111877K [0x0000000081c00000, 0x0000000100000000)
  region size 1024K, 69 young (70656K), 1 survivors (1024K)
 Metaspace       used 21087K, capacity 21823K, committed 22144K, reserved 1069056K
  class space    used 2223K, capacity 2559K, committed 2688K, reserved 1048576K
}
Event: 5.616 GC heap after
{Heap after GC invocations=17 (full 0):
 garbage-first heap   total 131072K, used 43908K [0x0000000081c00000, 0x0000000100000000)
  region size 1024K, 3 young (3072K), 3 survivors (3072K)
 Metaspace       used 21087K, capacity 21823K, committed 22144K, reserved 1069056K
  class space    used 2223K, capacity 2559K, committed 2688K, reserved 1048576K
}
Event: 5.701 GC heap before
{Heap before GC invocations=17 (full 0):
 garbage-first heap   total 131072K, used 112516K [0x0000000081c00000, 0x0000000100000000)
  region size 1024K, 70 young (71680K), 3 survivors (3072K)
 Metaspace       used 21094K, capacity 21823K, committed 22144K, reserved 1069056K
  class space    used 2223K, capacity 2559K, committed 2688K, reserved 1048576K
}
Event: 5.702 GC heap after
{Heap after GC invocations=18 (full 0):
 garbage-first heap   total 131072K, used 42649K [0x0000000081c00000, 0x0000000100000000)
  region size 1024K, 2 young (2048K), 2 survivors (2048K)
 Metaspace       used 21094K, capacity 21823K, committed 22144K, reserved 1069056K
  class space    used 2223K, capacity 2559K, committed 2688K, reserved 1048576K
}
Event: 5.814 GC heap before
{Heap before GC invocations=18 (full 0):
 garbage-first heap   total 131072K, used 110233K [0x0000000081c00000, 0x0000000100000000)
  region size 1024K, 69 young (70656K), 2 survivors (2048K)
 Metaspace       used 21100K, capacity 21823K, committed 22144K, reserved 1069056K
  class space    used 2223K, capacity 2559K, committed 2688K, reserved 1048576K
}
Event: 5.815 GC heap after
{Heap after GC invocations=19 (full 0):
 garbage-first heap   total 131072K, used 42574K [0x0000000081c00000, 0x0000000100000000)
  region size 1024K, 2 young (2048K), 2 survivors (2048K)
 Metaspace       used 21100K, capacity 21823K, committed 22144K, reserved 1069056K
  class space    used 2223K, capacity 2559K, committed 2688K, reserved 1048576K
}
Event: 5.915 GC heap before
{Heap before GC invocations=19 (full 0):
 garbage-first heap   total 131072K, used 112206K [0x0000000081c00000, 0x0000000100000000)
  region size 1024K, 70 young (71680K), 2 survivors (2048K)
 Metaspace       used 21100K, capacity 21823K, committed 22144K, reserved 1069056K
  class space    used 2223K, capacity 2559K, committed 2688K, reserved 1048576K
}
Event: 5.918 GC heap after
{Heap after GC invocations=20 (full 0):
 garbage-first heap   total 157696K, used 44184K [0x0000000081c00000, 0x0000000100000000)
  region size 1024K, 3 young (3072K), 3 survivors (3072K)
 Metaspace       used 21100K, capacity 21823K, committed 22144K, reserved 1069056K
  class space    used 2223K, capacity 2559K, committed 2688K, reserved 1048576K
}
Event: 6.014 GC heap before
{Heap before GC invocations=20 (full 0):
 garbage-first heap   total 157696K, used 124056K [0x0000000081c00000, 0x0000000100000000)
  region size 1024K, 81 young (82944K), 3 survivors (3072K)
 Metaspace       used 21100K, capacity 21823K, committed 22144K, reserved 1069056K
  class space    used 2223K, capacity 2559K, committed 2688K, reserved 1048576K
}
Event: 6.016 GC heap after
{Heap after GC invocations=21 (full 0):
 garbage-first heap   total 157696K, used 42745K [0x0000000081c00000, 0x0000000100000000)
  region size 1024K, 1 young (1024K), 1 survivors (1024K)
 Metaspace       used 21100K, capacity 21823K, committed 22144K, reserved 1069056K
  class space    used 2223K, capacity 2559K, committed 2688K, reserved 1048576K
}
Event: 6.135 GC heap before
{Heap before GC invocations=21 (full 0):
 garbage-first heap   total 157696K, used 134905K [0x0000000081c00000, 0x0000000100000000)
  region size 1024K, 92 young (94208K), 1 survivors (1024K)
 Metaspace       used 21103K, capacity 21823K, committed 22144K, reserved 1069056K
  class space    used 2223K, capacity 2559K, committed 2688K, reserved 1048576K
}
Event: 6.136 GC heap after
{Heap after GC invocations=22 (full 0):
 garbage-first heap   total 157696K, used 42497K [0x0000000081c00000, 0x0000000100000000)
  region size 1024K, 1 young (1024K), 1 survivors (1024K)
 Metaspace       used 21103K, capacity 21823K, committed 22144K, reserved 1069056K
  class space    used 2223K, capacity 2559K, committed 2688K, reserved 1048576K
}
Event: 6.396 GC heap before
{Heap before GC invocations=22 (full 0):
 garbage-first heap   total 157696K, used 135681K [0x0000000081c00000, 0x0000000100000000)
  region size 1024K, 92 young (94208K), 1 survivors (1024K)
 Metaspace       used 21147K, capacity 21887K, committed 22144K, reserved 1069056K
  class space    used 2226K, capacity 2559K, committed 2688K, reserved 1048576K
}
Event: 6.397 GC heap after
{Heap after GC invocations=23 (full 0):
 garbage-first heap   total 157696K, used 42961K [0x0000000081c00000, 0x0000000100000000)
  region size 1024K, 1 young (1024K), 1 survivors (1024K)
 Metaspace       used 21147K, capacity 21887K, committed 22144K, reserved 1069056K
  class space    used 2226K, capacity 2559K, committed 2688K, reserved 1048576K
}
Event: 8.543 GC heap before
{Heap before GC invocations=23 (full 0):
 garbage-first heap   total 157696K, used 136145K [0x0000000081c00000, 0x0000000100000000)
  region size 1024K, 92 young (94208K), 1 survivors (1024K)
 Metaspace       used 22164K, capacity 22947K, committed 23168K, reserved 1069056K
  class space    used 2258K, capacity 2591K, committed 2688K, reserved 1048576K
}
Event: 8.544 GC heap after
{Heap after GC invocations=24 (full 0):
 garbage-first heap   total 157696K, used 42399K [0x0000000081c00000, 0x0000000100000000)
  region size 1024K, 1 young (1024K), 1 survivors (1024K)
 Metaspace       used 22164K, capacity 22947K, committed 23168K, reserved 1069056K
  class space    used 2258K, capacity 2591K, committed 2688K, reserved 1048576K
}
Event: 10.726 GC heap before
{Heap before GC invocations=24 (full 0):
 garbage-first heap   total 157696K, used 135583K [0x0000000081c00000, 0x0000000100000000)
  region size 1024K, 92 young (94208K), 1 survivors (1024K)
 Metaspace       used 22234K, capacity 23011K, committed 23168K, reserved 1069056K
  class space    used 2258K, capacity 2591K, committed 2688K, reserved 1048576K
}
Event: 10.726 GC heap after
{Heap after GC invocations=25 (full 0):
 garbage-first heap   total 157696K, used 42367K [0x0000000081c00000, 0x0000000100000000)
  region size 1024K, 1 young (1024K), 1 survivors (1024K)
 Metaspace       used 22234K, capacity 23011K, committed 23168K, reserved 1069056K
  class space    used 2258K, capacity 2591K, committed 2688K, reserved 1048576K
}
Event: 13.213 GC heap before
{Heap before GC invocations=25 (full 0):
 garbage-first heap   total 157696K, used 135551K [0x0000000081c00000, 0x0000000100000000)
  region size 1024K, 92 young (94208K), 1 survivors (1024K)
 Metaspace       used 22372K, capacity 23203K, committed 23424K, reserved 1071104K
  class space    used 2258K, capacity 2591K, committed 2688K, reserved 1048576K
}
Event: 13.215 GC heap after
{Heap after GC invocations=26 (full 0):
 garbage-first heap   total 157696K, used 42373K [0x0000000081c00000, 0x0000000100000000)
  region size 1024K, 1 young (1024K), 1 survivors (1024K)
 Metaspace       used 22372K, capacity 23203K, committed 23424K, reserved 1071104K
  class space    used 2258K, capacity 2591K, committed 2688K, reserved 1048576K
}

