# JRE version: OpenJDK Runtime Environment (11.0.5+10) (build 11.0.5+10-b520.30)
# Java VM: OpenJDK 64-Bit Server VM (11.0.5+10-b520.30, mixed mode, sharing, tiered, compressed oops, g1 gc, windows-amd64)
Heap:
 garbage-first heap   total 157696K, used 119031K [0x0000000081c00000, 0x0000000100000000)
  region size 1024K, 75 young (76800K), 1 survivors (1024K)
 Metaspace       used 23343K, capacity 24126K, committed 24268K, reserved 1071104K
  class space    used 2336K, capacity 2640K, committed 2764K, reserved 1048576K
GC Heap History (20 events):
Event: 5.906 GC heap before
{Heap before GC invocations=15 (full 0):
 garbage-first heap   total 131072K, used 110406K [0x0000000081c00000, 0x0000000100000000)
  region size 1024K, 69 young (70656K), 4 survivors (4096K)
 Metaspace       used 21144K, capacity 21889K, committed 22092K, reserved 1069056K
  class space    used 2223K, capacity 2558K, committed 2636K, reserved 1048576K
}
Event: 5.909 GC heap after
{Heap after GC invocations=16 (full 0):
 garbage-first heap   total 131072K, used 42841K [0x0000000081c00000, 0x0000000100000000)
  region size 1024K, 3 young (3072K), 3 survivors (3072K)
 Metaspace       used 21144K, capacity 21889K, committed 22092K, reserved 1069056K
  class space    used 2223K, capacity 2558K, committed 2636K, reserved 1048576K
}
Event: 6.001 GC heap before
{Heap before GC invocations=16 (full 0):
 garbage-first heap   total 131072K, used 110425K [0x0000000081c00000, 0x0000000100000000)
  region size 1024K, 69 young (70656K), 3 survivors (3072K)
 Metaspace       used 21146K, capacity 21889K, committed 22092K, reserved 1069056K
  class space    used 2223K, capacity 2558K, committed 2636K, reserved 1048576K
}
Event: 6.004 GC heap after
{Heap after GC invocations=17 (full 0):
 garbage-first heap   total 131072K, used 42508K [0x0000000081c00000, 0x0000000100000000)
  region size 1024K, 3 young (3072K), 3 survivors (3072K)
 Metaspace       used 21146K, capacity 21889K, committed 22092K, reserved 1069056K
  class space    used 2223K, capacity 2558K, committed 2636K, reserved 1048576K
}
Event: 6.092 GC heap before
{Heap before GC invocations=17 (full 0):
 garbage-first heap   total 131072K, used 111116K [0x0000000081c00000, 0x0000000100000000)
  region size 1024K, 70 young (71680K), 3 survivors (3072K)
 Metaspace       used 21155K, capacity 21953K, committed 22092K, reserved 1069056K
  class space    used 2223K, capacity 2558K, committed 2636K, reserved 1048576K
}
Event: 6.095 GC heap after
{Heap after GC invocations=18 (full 0):
 garbage-first heap   total 131072K, used 44736K [0x0000000081c00000, 0x0000000100000000)
  region size 1024K, 5 young (5120K), 5 survivors (5120K)
 Metaspace       used 21155K, capacity 21953K, committed 22092K, reserved 1069056K
  class space    used 2223K, capacity 2558K, committed 2636K, reserved 1048576K
}
Event: 6.189 GC heap before
{Heap before GC invocations=18 (full 0):
 garbage-first heap   total 131072K, used 111296K [0x0000000081c00000, 0x0000000100000000)
  region size 1024K, 70 young (71680K), 5 survivors (5120K)
 Metaspace       used 21155K, capacity 21953K, committed 22092K, reserved 1069056K
  class space    used 2223K, capacity 2558K, committed 2636K, reserved 1048576K
}
Event: 6.194 GC heap after
{Heap after GC invocations=19 (full 0):
 garbage-first heap   total 157696K, used 44296K [0x0000000081c00000, 0x0000000100000000)
  region size 1024K, 4 young (4096K), 4 survivors (4096K)
 Metaspace       used 21155K, capacity 21953K, committed 22092K, reserved 1069056K
  class space    used 2223K, capacity 2558K, committed 2636K, reserved 1048576K
}
Event: 6.303 GC heap before
{Heap before GC invocations=19 (full 0):
 garbage-first heap   total 157696K, used 131336K [0x0000000081c00000, 0x0000000100000000)
  region size 1024K, 89 young (91136K), 4 survivors (4096K)
 Metaspace       used 21155K, capacity 21953K, committed 22092K, reserved 1069056K
  class space    used 2223K, capacity 2558K, committed 2636K, reserved 1048576K
}
Event: 6.306 GC heap after
{Heap after GC invocations=20 (full 0):
 garbage-first heap   total 157696K, used 43116K [0x0000000081c00000, 0x0000000100000000)
  region size 1024K, 2 young (2048K), 2 survivors (2048K)
 Metaspace       used 21155K, capacity 21953K, committed 22092K, reserved 1069056K
  class space    used 2223K, capacity 2558K, committed 2636K, reserved 1048576K
}
Event: 6.403 GC heap before
{Heap before GC invocations=20 (full 0):
 garbage-first heap   total 157696K, used 135276K [0x0000000081c00000, 0x0000000100000000)
  region size 1024K, 92 young (94208K), 2 survivors (2048K)
 Metaspace       used 21177K, capacity 22017K, committed 22348K, reserved 1069056K
  class space    used 2223K, capacity 2558K, committed 2636K, reserved 1048576K
}
Event: 6.404 GC heap after
{Heap after GC invocations=21 (full 0):
 garbage-first heap   total 157696K, used 42587K [0x0000000081c00000, 0x0000000100000000)
  region size 1024K, 1 young (1024K), 1 survivors (1024K)
 Metaspace       used 21177K, capacity 22017K, committed 22348K, reserved 1069056K
  class space    used 2223K, capacity 2558K, committed 2636K, reserved 1048576K
}
Event: 6.617 GC heap before
{Heap before GC invocations=21 (full 0):
 garbage-first heap   total 157696K, used 135771K [0x0000000081c00000, 0x0000000100000000)
  region size 1024K, 92 young (94208K), 1 survivors (1024K)
 Metaspace       used 21205K, capacity 22017K, committed 22348K, reserved 1069056K
  class space    used 2226K, capacity 2558K, committed 2636K, reserved 1048576K
}
Event: 6.618 GC heap after
{Heap after GC invocations=22 (full 0):
 garbage-first heap   total 157696K, used 42228K [0x0000000081c00000, 0x0000000100000000)
  region size 1024K, 1 young (1024K), 1 survivors (1024K)
 Metaspace       used 21205K, capacity 22017K, committed 22348K, reserved 1069056K
  class space    used 2226K, capacity 2558K, committed 2636K, reserved 1048576K
}
Event: 8.720 GC heap before
{Heap before GC invocations=22 (full 0):
 garbage-first heap   total 157696K, used 135412K [0x0000000081c00000, 0x0000000100000000)
  region size 1024K, 92 young (94208K), 1 survivors (1024K)
 Metaspace       used 22209K, capacity 23010K, committed 23116K, reserved 1069056K
  class space    used 2258K, capacity 2590K, committed 2636K, reserved 1048576K
}
Event: 8.723 GC heap after
{Heap after GC invocations=23 (full 0):
 garbage-first heap   total 157696K, used 42254K [0x0000000081c00000, 0x0000000100000000)
  region size 1024K, 1 young (1024K), 1 survivors (1024K)
 Metaspace       used 22209K, capacity 23010K, committed 23116K, reserved 1069056K
  class space    used 2258K, capacity 2590K, committed 2636K, reserved 1048576K
}
Event: 10.863 GC heap before
{Heap before GC invocations=23 (full 0):
 garbage-first heap   total 157696K, used 135438K [0x0000000081c00000, 0x0000000100000000)
  region size 1024K, 92 young (94208K), 1 survivors (1024K)
 Metaspace       used 22259K, capacity 23010K, committed 23116K, reserved 1069056K
  class space    used 2258K, capacity 2590K, committed 2636K, reserved 1048576K
}
Event: 10.863 GC heap after
{Heap after GC invocations=24 (full 0):
 garbage-first heap   total 157696K, used 42233K [0x0000000081c00000, 0x0000000100000000)
  region size 1024K, 1 young (1024K), 1 survivors (1024K)
 Metaspace       used 22259K, capacity 23010K, committed 23116K, reserved 1069056K
  class space    used 2258K, capacity 2590K, committed 2636K, reserved 1048576K
}
Event: 13.509 GC heap before
{Heap before GC invocations=24 (full 0):
 garbage-first heap   total 157696K, used 135417K [0x0000000081c00000, 0x0000000100000000)
  region size 1024K, 92 young (94208K), 1 survivors (1024K)
 Metaspace       used 22332K, capacity 23138K, committed 23372K, reserved 1071104K
  class space    used 2258K, capacity 2590K, committed 2636K, reserved 1048576K
}
Event: 13.511 GC heap after
{Heap after GC invocations=25 (full 0):
 garbage-first heap   total 157696K, used 42231K [0x0000000081c00000, 0x0000000100000000)
  region size 1024K, 1 young (1024K), 1 survivors (1024K)
 Metaspace       used 22332K, capacity 23138K, committed 23372K, reserved 1071104K
  class space    used 2258K, capacity 2590K, committed 2636K, reserved 1048576K
}

