# JRE version: OpenJDK Runtime Environment (11.0.5+10) (build 11.0.5+10-b520.30)
# Java VM: OpenJDK 64-Bit Server VM (11.0.5+10-b520.30, mixed mode, sharing, tiered, compressed oops, g1 gc, windows-amd64)
Heap:
 garbage-first heap   total 157696K, used 71799K [0x0000000081c00000, 0x0000000100000000)
  region size 1024K, 28 young (28672K), 1 survivors (1024K)
 Metaspace       used 23415K, capacity 24192K, committed 24448K, reserved 1071104K
  class space    used 2333K, capacity 2640K, committed 2688K, reserved 1048576K
GC Heap History (20 events):
Event: 9.481 GC heap before
{Heap before GC invocations=18 (full 0):
 garbage-first heap   total 131072K, used 111258K [0x0000000081c00000, 0x0000000100000000)
  region size 1024K, 69 young (70656K), 2 survivors (2048K)
 Metaspace       used 21459K, capacity 22211K, committed 22272K, reserved 1069056K
  class space    used 2221K, capacity 2558K, committed 2560K, reserved 1048576K
}
Event: 9.482 GC heap after
{Heap after GC invocations=19 (full 0):
 garbage-first heap   total 131072K, used 42530K [0x0000000081c00000, 0x0000000100000000)
  region size 1024K, 2 young (2048K), 2 survivors (2048K)
 Metaspace       used 21459K, capacity 22211K, committed 22272K, reserved 1069056K
  class space    used 2221K, capacity 2558K, committed 2560K, reserved 1048576K
}
Event: 9.635 GC heap before
{Heap before GC invocations=19 (full 0):
 garbage-first heap   total 131072K, used 111138K [0x0000000081c00000, 0x0000000100000000)
  region size 1024K, 69 young (70656K), 2 survivors (2048K)
 Metaspace       used 21462K, capacity 22211K, committed 22272K, reserved 1069056K
  class space    used 2221K, capacity 2558K, committed 2560K, reserved 1048576K
}
Event: 9.638 GC heap after
{Heap after GC invocations=20 (full 0):
 garbage-first heap   total 157696K, used 42605K [0x0000000081c00000, 0x0000000100000000)
  region size 1024K, 2 young (2048K), 2 survivors (2048K)
 Metaspace       used 21462K, capacity 22211K, committed 22272K, reserved 1069056K
  class space    used 2221K, capacity 2558K, committed 2560K, reserved 1048576K
}
Event: 9.785 GC heap before
{Heap before GC invocations=20 (full 0):
 garbage-first heap   total 157696K, used 126573K [0x0000000081c00000, 0x0000000100000000)
  region size 1024K, 85 young (87040K), 2 survivors (2048K)
 Metaspace       used 21473K, capacity 22211K, committed 22272K, reserved 1069056K
  class space    used 2221K, capacity 2558K, committed 2560K, reserved 1048576K
}
Event: 9.787 GC heap after
{Heap after GC invocations=21 (full 0):
 garbage-first heap   total 157696K, used 44215K [0x0000000081c00000, 0x0000000100000000)
  region size 1024K, 3 young (3072K), 3 survivors (3072K)
 Metaspace       used 21473K, capacity 22211K, committed 22272K, reserved 1069056K
  class space    used 2221K, capacity 2558K, committed 2560K, reserved 1048576K
}
Event: 9.880 GC heap before
{Heap before GC invocations=21 (full 0):
 garbage-first heap   total 157696K, used 131255K [0x0000000081c00000, 0x0000000100000000)
  region size 1024K, 89 young (91136K), 3 survivors (3072K)
 Metaspace       used 21473K, capacity 22211K, committed 22272K, reserved 1069056K
  class space    used 2221K, capacity 2558K, committed 2560K, reserved 1048576K
}
Event: 9.881 GC heap after
{Heap after GC invocations=22 (full 0):
 garbage-first heap   total 157696K, used 42695K [0x0000000081c00000, 0x0000000100000000)
  region size 1024K, 1 young (1024K), 1 survivors (1024K)
 Metaspace       used 21473K, capacity 22211K, committed 22272K, reserved 1069056K
  class space    used 2221K, capacity 2558K, committed 2560K, reserved 1048576K
}
Event: 9.978 GC heap before
{Heap before GC invocations=22 (full 0):
 garbage-first heap   total 157696K, used 134855K [0x0000000081c00000, 0x0000000100000000)
  region size 1024K, 92 young (94208K), 1 survivors (1024K)
 Metaspace       used 21473K, capacity 22211K, committed 22272K, reserved 1069056K
  class space    used 2221K, capacity 2558K, committed 2560K, reserved 1048576K
}
Event: 9.979 GC heap after
{Heap after GC invocations=23 (full 0):
 garbage-first heap   total 157696K, used 42621K [0x0000000081c00000, 0x0000000100000000)
  region size 1024K, 1 young (1024K), 1 survivors (1024K)
 Metaspace       used 21473K, capacity 22211K, committed 22272K, reserved 1069056K
  class space    used 2221K, capacity 2558K, committed 2560K, reserved 1048576K
}
Event: 10.077 GC heap before
{Heap before GC invocations=23 (full 0):
 garbage-first heap   total 157696K, used 134781K [0x0000000081c00000, 0x0000000100000000)
  region size 1024K, 91 young (93184K), 1 survivors (1024K)
 Metaspace       used 21490K, capacity 22275K, committed 22528K, reserved 1069056K
  class space    used 2221K, capacity 2558K, committed 2560K, reserved 1048576K
}
Event: 10.079 GC heap after
{Heap after GC invocations=24 (full 0):
 garbage-first heap   total 157696K, used 44496K [0x0000000081c00000, 0x0000000100000000)
  region size 1024K, 3 young (3072K), 3 survivors (3072K)
 Metaspace       used 21490K, capacity 22275K, committed 22528K, reserved 1069056K
  class space    used 2221K, capacity 2558K, committed 2560K, reserved 1048576K
}
Event: 10.970 GC heap before
{Heap before GC invocations=24 (full 0):
 garbage-first heap   total 157696K, used 135632K [0x0000000081c00000, 0x0000000100000000)
  region size 1024K, 92 young (94208K), 3 survivors (3072K)
 Metaspace       used 22444K, capacity 23203K, committed 23424K, reserved 1071104K
  class space    used 2256K, capacity 2590K, committed 2688K, reserved 1048576K
}
Event: 10.971 GC heap after
{Heap after GC invocations=25 (full 0):
 garbage-first heap   total 157696K, used 42692K [0x0000000081c00000, 0x0000000100000000)
  region size 1024K, 1 young (1024K), 1 survivors (1024K)
 Metaspace       used 22444K, capacity 23203K, committed 23424K, reserved 1071104K
  class space    used 2256K, capacity 2590K, committed 2688K, reserved 1048576K
}
Event: 12.912 GC heap before
{Heap before GC invocations=25 (full 0):
 garbage-first heap   total 157696K, used 135876K [0x0000000081c00000, 0x0000000100000000)
  region size 1024K, 92 young (94208K), 1 survivors (1024K)
 Metaspace       used 22454K, capacity 23267K, committed 23424K, reserved 1071104K
  class space    used 2256K, capacity 2590K, committed 2688K, reserved 1048576K
}
Event: 12.914 GC heap after
{Heap after GC invocations=26 (full 0):
 garbage-first heap   total 157696K, used 42606K [0x0000000081c00000, 0x0000000100000000)
  region size 1024K, 1 young (1024K), 1 survivors (1024K)
 Metaspace       used 22454K, capacity 23267K, committed 23424K, reserved 1071104K
  class space    used 2256K, capacity 2590K, committed 2688K, reserved 1048576K
}
Event: 15.290 GC heap before
{Heap before GC invocations=26 (full 0):
 garbage-first heap   total 157696K, used 135790K [0x0000000081c00000, 0x0000000100000000)
  region size 1024K, 92 young (94208K), 1 survivors (1024K)
 Metaspace       used 22513K, capacity 23332K, committed 23680K, reserved 1071104K
  class space    used 2256K, capacity 2590K, committed 2688K, reserved 1048576K
}
Event: 15.292 GC heap after
{Heap after GC invocations=27 (full 0):
 garbage-first heap   total 157696K, used 42591K [0x0000000081c00000, 0x0000000100000000)
  region size 1024K, 1 young (1024K), 1 survivors (1024K)
 Metaspace       used 22513K, capacity 23332K, committed 23680K, reserved 1071104K
  class space    used 2256K, capacity 2590K, committed 2688K, reserved 1048576K
}
Event: 18.150 GC heap before
{Heap before GC invocations=27 (full 0):
 garbage-first heap   total 157696K, used 136799K [0x0000000081c00000, 0x0000000100000000)
  region size 1024K, 92 young (94208K), 1 survivors (1024K)
 Metaspace       used 23288K, capacity 24047K, committed 24192K, reserved 1071104K
  class space    used 2330K, capacity 2636K, committed 2688K, reserved 1048576K
}
Event: 18.152 GC heap after
{Heap after GC invocations=28 (full 0):
 garbage-first heap   total 157696K, used 45175K [0x0000000081c00000, 0x0000000100000000)
  region size 1024K, 1 young (1024K), 1 survivors (1024K)
 Metaspace       used 23288K, capacity 24047K, committed 24192K, reserved 1071104K
  class space    used 2330K, capacity 2636K, committed 2688K, reserved 1048576K
}

