# JRE version: OpenJDK Runtime Environment (11.0.6+8) (build 11.0.6+8-b520.43)
# Java VM: OpenJDK 64-Bit Server VM (11.0.6+8-b520.43, mixed mode, tiered, compressed oops, g1 gc, windows-amd64)
Heap:
 garbage-first heap   total 227328K, used 169553K [0x0000000081c00000, 0x0000000100000000)
  region size 1024K, 80 young (81920K), 3 survivors (3072K)
 Metaspace       used 30462K, capacity 31238K, committed 31360K, reserved 1077248K
  class space    used 3032K, capacity 3368K, committed 3456K, reserved 1048576K
GC Heap History (20 events):
Event: 15.549 GC heap before
{Heap before GC invocations=33 (full 0):
 garbage-first heap   total 157696K, used 91158K [0x0000000081c00000, 0x0000000100000000)
  region size 1024K, 5 young (5120K), 2 survivors (2048K)
 Metaspace       used 24046K, capacity 24718K, committed 24832K, reserved 1071104K
  class space    used 2697K, capacity 2962K, committed 3072K, reserved 1048576K
}
Event: 15.554 GC heap after
{Heap after GC invocations=34 (full 0):
 garbage-first heap   total 157696K, used 81454K [0x0000000081c00000, 0x0000000100000000)
  region size 1024K, 2 young (2048K), 2 survivors (2048K)
 Metaspace       used 24046K, capacity 24718K, committed 24832K, reserved 1071104K
  class space    used 2697K, capacity 2962K, committed 3072K, reserved 1048576K
}
Event: 15.641 GC heap before
{Heap before GC invocations=35 (full 0):
 garbage-first heap   total 157696K, used 91694K [0x0000000081c00000, 0x0000000100000000)
  region size 1024K, 5 young (5120K), 2 survivors (2048K)
 Metaspace       used 24047K, capacity 24718K, committed 24832K, reserved 1071104K
  class space    used 2697K, capacity 2962K, committed 3072K, reserved 1048576K
}
Event: 15.648 GC heap after
{Heap after GC invocations=36 (full 0):
 garbage-first heap   total 189440K, used 81982K [0x0000000081c00000, 0x0000000100000000)
  region size 1024K, 2 young (2048K), 2 survivors (2048K)
 Metaspace       used 24047K, capacity 24718K, committed 24832K, reserved 1071104K
  class space    used 2697K, capacity 2962K, committed 3072K, reserved 1048576K
}
Event: 15.758 GC heap before
{Heap before GC invocations=37 (full 0):
 garbage-first heap   total 189440K, used 93246K [0x0000000081c00000, 0x0000000100000000)
  region size 1024K, 5 young (5120K), 2 survivors (2048K)
 Metaspace       used 24049K, capacity 24718K, committed 24832K, reserved 1071104K
  class space    used 2697K, capacity 2962K, committed 3072K, reserved 1048576K
}
Event: 15.761 GC heap after
{Heap after GC invocations=38 (full 0):
 garbage-first heap   total 189440K, used 83055K [0x0000000081c00000, 0x0000000100000000)
  region size 1024K, 2 young (2048K), 2 survivors (2048K)
 Metaspace       used 24049K, capacity 24718K, committed 24832K, reserved 1071104K
  class space    used 2697K, capacity 2962K, committed 3072K, reserved 1048576K
}
Event: 15.815 GC heap before
{Heap before GC invocations=39 (full 0):
 garbage-first heap   total 189440K, used 93295K [0x0000000081c00000, 0x0000000100000000)
  region size 1024K, 5 young (5120K), 2 survivors (2048K)
 Metaspace       used 24049K, capacity 24718K, committed 24832K, reserved 1071104K
  class space    used 2697K, capacity 2962K, committed 3072K, reserved 1048576K
}
Event: 15.818 GC heap after
{Heap after GC invocations=40 (full 0):
 garbage-first heap   total 189440K, used 91266K [0x0000000081c00000, 0x0000000100000000)
  region size 1024K, 2 young (2048K), 2 survivors (2048K)
 Metaspace       used 24049K, capacity 24718K, committed 24832K, reserved 1071104K
  class space    used 2697K, capacity 2962K, committed 3072K, reserved 1048576K
}
Event: 15.904 GC heap before
{Heap before GC invocations=41 (full 0):
 garbage-first heap   total 189440K, used 94338K [0x0000000081c00000, 0x0000000100000000)
  region size 1024K, 4 young (4096K), 2 survivors (2048K)
 Metaspace       used 24052K, capacity 24718K, committed 24832K, reserved 1071104K
  class space    used 2697K, capacity 2962K, committed 3072K, reserved 1048576K
}
Event: 15.906 GC heap after
{Heap after GC invocations=42 (full 0):
 garbage-first heap   total 189440K, used 85122K [0x0000000081c00000, 0x0000000100000000)
  region size 1024K, 2 young (2048K), 2 survivors (2048K)
 Metaspace       used 24052K, capacity 24718K, committed 24832K, reserved 1071104K
  class space    used 2697K, capacity 2962K, committed 3072K, reserved 1048576K
}
Event: 16.012 GC heap before
{Heap before GC invocations=43 (full 0):
 garbage-first heap   total 189440K, used 97410K [0x0000000081c00000, 0x0000000100000000)
  region size 1024K, 5 young (5120K), 2 survivors (2048K)
 Metaspace       used 24052K, capacity 24718K, committed 24832K, reserved 1071104K
  class space    used 2697K, capacity 2962K, committed 3072K, reserved 1048576K
}
Event: 16.016 GC heap after
{Heap after GC invocations=44 (full 0):
 garbage-first heap   total 189440K, used 87181K [0x0000000081c00000, 0x0000000100000000)
  region size 1024K, 2 young (2048K), 2 survivors (2048K)
 Metaspace       used 24052K, capacity 24718K, committed 24832K, reserved 1071104K
  class space    used 2697K, capacity 2962K, committed 3072K, reserved 1048576K
}
Event: 17.539 GC heap before
{Heap before GC invocations=45 (full 0):
 garbage-first heap   total 189440K, used 136333K [0x0000000081c00000, 0x0000000100000000)
  region size 1024K, 40 young (40960K), 2 survivors (2048K)
 Metaspace       used 24208K, capacity 24994K, committed 25088K, reserved 1071104K
  class space    used 2707K, capacity 3029K, committed 3072K, reserved 1048576K
}
Event: 17.541 GC heap after
{Heap after GC invocations=46 (full 0):
 garbage-first heap   total 189440K, used 89519K [0x0000000081c00000, 0x0000000100000000)
  region size 1024K, 2 young (2048K), 2 survivors (2048K)
 Metaspace       used 24208K, capacity 24994K, committed 25088K, reserved 1071104K
  class space    used 2707K, capacity 3029K, committed 3072K, reserved 1048576K
}
Event: 18.564 GC heap before
{Heap before GC invocations=46 (full 0):
 garbage-first heap   total 189440K, used 130479K [0x0000000081c00000, 0x0000000100000000)
  region size 1024K, 42 young (43008K), 2 survivors (2048K)
 Metaspace       used 28225K, capacity 28999K, committed 29184K, reserved 1075200K
  class space    used 2889K, capacity 3220K, committed 3328K, reserved 1048576K
}
Event: 18.573 GC heap after
{Heap after GC invocations=47 (full 0):
 garbage-first heap   total 189440K, used 89976K [0x0000000081c00000, 0x0000000100000000)
  region size 1024K, 3 young (3072K), 3 survivors (3072K)
 Metaspace       used 28225K, capacity 28999K, committed 29184K, reserved 1075200K
  class space    used 2889K, capacity 3220K, committed 3328K, reserved 1048576K
}
Event: 19.227 GC heap before
{Heap before GC invocations=48 (full 0):
 garbage-first heap   total 189440K, used 134008K [0x0000000081c00000, 0x0000000100000000)
  region size 1024K, 46 young (47104K), 3 survivors (3072K)
 Metaspace       used 28718K, capacity 29495K, committed 29696K, reserved 1075200K
  class space    used 2921K, capacity 3258K, committed 3328K, reserved 1048576K
}
Event: 19.240 GC heap after
{Heap after GC invocations=49 (full 0):
 garbage-first heap   total 189440K, used 91530K [0x0000000081c00000, 0x0000000100000000)
  region size 1024K, 4 young (4096K), 4 survivors (4096K)
 Metaspace       used 28718K, capacity 29495K, committed 29696K, reserved 1075200K
  class space    used 2921K, capacity 3258K, committed 3328K, reserved 1048576K
}
Event: 19.691 GC heap before
{Heap before GC invocations=49 (full 0):
 garbage-first heap   total 189440K, used 142730K [0x0000000081c00000, 0x0000000100000000)
  region size 1024K, 54 young (55296K), 4 survivors (4096K)
 Metaspace       used 29034K, capacity 29798K, committed 29952K, reserved 1075200K
  class space    used 2950K, capacity 3294K, committed 3328K, reserved 1048576K
}
Event: 19.708 GC heap after
{Heap after GC invocations=50 (full 0):
 garbage-first heap   total 227328K, used 90705K [0x0000000081c00000, 0x0000000100000000)
  region size 1024K, 3 young (3072K), 3 survivors (3072K)
 Metaspace       used 29034K, capacity 29798K, committed 29952K, reserved 1075200K
  class space    used 2950K, capacity 3294K, committed 3328K, reserved 1048576K
}

