# JRE version: OpenJDK Runtime Environment (11.0.6+8) (build 11.0.6+8-b520.43)
# Java VM: OpenJDK 64-Bit Server VM (11.0.6+8-b520.43, mixed mode, tiered, compressed oops, g1 gc, windows-amd64)
Heap:
 garbage-first heap   total 157696K, used 71450K [0x0000000081c00000, 0x0000000100000000)
  region size 1024K, 30 young (30720K), 1 survivors (1024K)
 Metaspace       used 30735K, capacity 31584K, committed 31616K, reserved 1077248K
  class space    used 3073K, capacity 3427K, committed 3456K, reserved 1048576K
GC Heap History (20 events):
Event: 20.489 GC heap before
{Heap before GC invocations=31 (full 0):
 garbage-first heap   total 157696K, used 131668K [0x0000000081c00000, 0x0000000100000000)
  region size 1024K, 92 young (94208K), 1 survivors (1024K)
 Metaspace       used 29323K, capacity 30120K, committed 30208K, reserved 1077248K
  class space    used 2949K, capacity 3296K, committed 3328K, reserved 1048576K
}
Event: 20.492 GC heap after
{Heap after GC invocations=32 (full 0):
 garbage-first heap   total 157696K, used 38741K [0x0000000081c00000, 0x0000000100000000)
  region size 1024K, 1 young (1024K), 1 survivors (1024K)
 Metaspace       used 29323K, capacity 30120K, committed 30208K, reserved 1077248K
  class space    used 2949K, capacity 3296K, committed 3328K, reserved 1048576K
}
Event: 20.692 GC heap before
{Heap before GC invocations=32 (full 0):
 garbage-first heap   total 157696K, used 130901K [0x0000000081c00000, 0x0000000100000000)
  region size 1024K, 92 young (94208K), 1 survivors (1024K)
 Metaspace       used 29323K, capacity 30120K, committed 30208K, reserved 1077248K
  class space    used 2949K, capacity 3296K, committed 3328K, reserved 1048576K
}
Event: 20.695 GC heap after
{Heap after GC invocations=33 (full 0):
 garbage-first heap   total 157696K, used 39442K [0x0000000081c00000, 0x0000000100000000)
  region size 1024K, 2 young (2048K), 2 survivors (2048K)
 Metaspace       used 29323K, capacity 30120K, committed 30208K, reserved 1077248K
  class space    used 2949K, capacity 3296K, committed 3328K, reserved 1048576K
}
Event: 20.870 GC heap before
{Heap before GC invocations=33 (full 0):
 garbage-first heap   total 157696K, used 131602K [0x0000000081c00000, 0x0000000100000000)
  region size 1024K, 92 young (94208K), 2 survivors (2048K)
 Metaspace       used 29323K, capacity 30120K, committed 30208K, reserved 1077248K
  class space    used 2949K, capacity 3296K, committed 3328K, reserved 1048576K
}
Event: 20.873 GC heap after
{Heap after GC invocations=34 (full 0):
 garbage-first heap   total 157696K, used 38700K [0x0000000081c00000, 0x0000000100000000)
  region size 1024K, 1 young (1024K), 1 survivors (1024K)
 Metaspace       used 29323K, capacity 30120K, committed 30208K, reserved 1077248K
  class space    used 2949K, capacity 3296K, committed 3328K, reserved 1048576K
}
Event: 21.065 GC heap before
{Heap before GC invocations=34 (full 0):
 garbage-first heap   total 157696K, used 131884K [0x0000000081c00000, 0x0000000100000000)
  region size 1024K, 92 young (94208K), 1 survivors (1024K)
 Metaspace       used 29323K, capacity 30120K, committed 30208K, reserved 1077248K
  class space    used 2949K, capacity 3296K, committed 3328K, reserved 1048576K
}
Event: 21.068 GC heap after
{Heap after GC invocations=35 (full 0):
 garbage-first heap   total 157696K, used 38787K [0x0000000081c00000, 0x0000000100000000)
  region size 1024K, 1 young (1024K), 1 survivors (1024K)
 Metaspace       used 29323K, capacity 30120K, committed 30208K, reserved 1077248K
  class space    used 2949K, capacity 3296K, committed 3328K, reserved 1048576K
}
Event: 22.725 GC heap before
{Heap before GC invocations=35 (full 0):
 garbage-first heap   total 157696K, used 131971K [0x0000000081c00000, 0x0000000100000000)
  region size 1024K, 92 young (94208K), 1 survivors (1024K)
 Metaspace       used 29338K, capacity 30120K, committed 30208K, reserved 1077248K
  class space    used 2949K, capacity 3296K, committed 3328K, reserved 1048576K
}
Event: 22.727 GC heap after
{Heap after GC invocations=36 (full 0):
 garbage-first heap   total 157696K, used 38246K [0x0000000081c00000, 0x0000000100000000)
  region size 1024K, 1 young (1024K), 1 survivors (1024K)
 Metaspace       used 29338K, capacity 30120K, committed 30208K, reserved 1077248K
  class space    used 2949K, capacity 3296K, committed 3328K, reserved 1048576K
}
Event: 25.254 GC heap before
{Heap before GC invocations=36 (full 0):
 garbage-first heap   total 157696K, used 131430K [0x0000000081c00000, 0x0000000100000000)
  region size 1024K, 92 young (94208K), 1 survivors (1024K)
 Metaspace       used 29390K, capacity 30248K, committed 30464K, reserved 1077248K
  class space    used 2950K, capacity 3296K, committed 3328K, reserved 1048576K
}
Event: 25.255 GC heap after
{Heap after GC invocations=37 (full 0):
 garbage-first heap   total 157696K, used 38226K [0x0000000081c00000, 0x0000000100000000)
  region size 1024K, 1 young (1024K), 1 survivors (1024K)
 Metaspace       used 29390K, capacity 30248K, committed 30464K, reserved 1077248K
  class space    used 2950K, capacity 3296K, committed 3328K, reserved 1048576K
}
Event: 28.395 GC heap before
{Heap before GC invocations=37 (full 0):
 garbage-first heap   total 157696K, used 147794K [0x0000000081c00000, 0x0000000100000000)
  region size 1024K, 92 young (94208K), 1 survivors (1024K)
 Metaspace       used 30410K, capacity 31241K, committed 31360K, reserved 1077248K
  class space    used 3065K, capacity 3422K, committed 3456K, reserved 1048576K
}
Event: 28.399 GC heap after
{Heap after GC invocations=38 (full 0):
 garbage-first heap   total 157696K, used 42719K [0x0000000081c00000, 0x0000000100000000)
  region size 1024K, 1 young (1024K), 1 survivors (1024K)
 Metaspace       used 30410K, capacity 31241K, committed 31360K, reserved 1077248K
  class space    used 3065K, capacity 3422K, committed 3456K, reserved 1048576K
}
Event: 33.053 GC heap before
{Heap before GC invocations=38 (full 0):
 garbage-first heap   total 157696K, used 135903K [0x0000000081c00000, 0x0000000100000000)
  region size 1024K, 92 young (94208K), 1 survivors (1024K)
 Metaspace       used 30646K, capacity 31504K, committed 31616K, reserved 1077248K
  class space    used 3069K, capacity 3422K, committed 3456K, reserved 1048576K
}
Event: 33.056 GC heap after
{Heap after GC invocations=39 (full 0):
 garbage-first heap   total 157696K, used 42760K [0x0000000081c00000, 0x0000000100000000)
  region size 1024K, 1 young (1024K), 1 survivors (1024K)
 Metaspace       used 30646K, capacity 31504K, committed 31616K, reserved 1077248K
  class space    used 3069K, capacity 3422K, committed 3456K, reserved 1048576K
}
Event: 37.799 GC heap before
{Heap before GC invocations=39 (full 0):
 garbage-first heap   total 157696K, used 135944K [0x0000000081c00000, 0x0000000100000000)
  region size 1024K, 92 young (94208K), 1 survivors (1024K)
 Metaspace       used 30669K, capacity 31504K, committed 31616K, reserved 1077248K
  class space    used 3069K, capacity 3422K, committed 3456K, reserved 1048576K
}
Event: 37.801 GC heap after
{Heap after GC invocations=40 (full 0):
 garbage-first heap   total 157696K, used 42765K [0x0000000081c00000, 0x0000000100000000)
  region size 1024K, 1 young (1024K), 1 survivors (1024K)
 Metaspace       used 30669K, capacity 31504K, committed 31616K, reserved 1077248K
  class space    used 3069K, capacity 3422K, committed 3456K, reserved 1048576K
}
Event: 43.540 GC heap before
{Heap before GC invocations=40 (full 0):
 garbage-first heap   total 157696K, used 135949K [0x0000000081c00000, 0x0000000100000000)
  region size 1024K, 92 young (94208K), 1 survivors (1024K)
 Metaspace       used 30709K, capacity 31572K, committed 31616K, reserved 1077248K
  class space    used 3070K, capacity 3423K, committed 3456K, reserved 1048576K
}
Event: 43.543 GC heap after
{Heap after GC invocations=41 (full 0):
 garbage-first heap   total 157696K, used 42778K [0x0000000081c00000, 0x0000000100000000)
  region size 1024K, 1 young (1024K), 1 survivors (1024K)
 Metaspace       used 30709K, capacity 31572K, committed 31616K, reserved 1077248K
  class space    used 3070K, capacity 3423K, committed 3456K, reserved 1048576K
}

