# JRE version: OpenJDK Runtime Environment (11.0.6+8) (build 11.0.6+8-b520.43)
# Java VM: OpenJDK 64-Bit Server VM (11.0.6+8-b520.43, mixed mode, tiered, compressed oops, g1 gc, windows-amd64)
Heap:
 garbage-first heap   total 131072K, used 59800K [0x0000000081c00000, 0x0000000100000000)
  region size 1024K, 23 young (23552K), 3 survivors (3072K)
 Metaspace       used 30017K, capacity 30822K, committed 31104K, reserved 1077248K
  class space    used 3028K, capacity 3363K, committed 3456K, reserved 1048576K
GC Heap History (16 events):
Event: 1.140 GC heap before
{Heap before GC invocations=0 (full 0):
 garbage-first heap   total 131072K, used 13312K [0x0000000081c00000, 0x0000000100000000)
  region size 1024K, 14 young (14336K), 0 survivors (0K)
 Metaspace       used 6235K, capacity 6267K, committed 6528K, reserved 1056768K
  class space    used 514K, capacity 534K, committed 640K, reserved 1048576K
}
Event: 1.149 GC heap after
{Heap after GC invocations=1 (full 0):
 garbage-first heap   total 131072K, used 3501K [0x0000000081c00000, 0x0000000100000000)
  region size 1024K, 2 young (2048K), 2 survivors (2048K)
 Metaspace       used 6235K, capacity 6267K, committed 6528K, reserved 1056768K
  class space    used 514K, capacity 534K, committed 640K, reserved 1048576K
}
Event: 2.032 GC heap before
{Heap before GC invocations=1 (full 0):
 garbage-first heap   total 131072K, used 14765K [0x0000000081c00000, 0x0000000100000000)
  region size 1024K, 13 young (13312K), 2 survivors (2048K)
 Metaspace       used 10492K, capacity 10805K, committed 11136K, reserved 1058816K
  class space    used 963K, capacity 1054K, committed 1152K, reserved 1048576K
}
Event: 2.083 GC heap after
{Heap after GC invocations=2 (full 0):
 garbage-first heap   total 131072K, used 4788K [0x0000000081c00000, 0x0000000100000000)
  region size 1024K, 2 young (2048K), 2 survivors (2048K)
 Metaspace       used 10492K, capacity 10805K, committed 11136K, reserved 1058816K
  class space    used 963K, capacity 1054K, committed 1152K, reserved 1048576K
}
Event: 5.389 GC heap before
{Heap before GC invocations=2 (full 0):
 garbage-first heap   total 131072K, used 79540K [0x0000000081c00000, 0x0000000100000000)
  region size 1024K, 26 young (26624K), 2 survivors (2048K)
 Metaspace       used 17177K, capacity 17644K, committed 17920K, reserved 1064960K
  class space    used 1763K, capacity 1978K, committed 2048K, reserved 1048576K
}
Event: 5.399 GC heap after
{Heap after GC invocations=3 (full 0):
 garbage-first heap   total 131072K, used 27291K [0x0000000081c00000, 0x0000000100000000)
  region size 1024K, 4 young (4096K), 4 survivors (4096K)
 Metaspace       used 17177K, capacity 17644K, committed 17920K, reserved 1064960K
  class space    used 1763K, capacity 1978K, committed 2048K, reserved 1048576K
}
Event: 6.099 GC heap before
{Heap before GC invocations=4 (full 0):
 garbage-first heap   total 131072K, used 65179K [0x0000000081c00000, 0x0000000100000000)
  region size 1024K, 16 young (16384K), 4 survivors (4096K)
 Metaspace       used 19767K, capacity 20316K, committed 20608K, reserved 1067008K
  class space    used 2166K, capacity 2359K, committed 2432K, reserved 1048576K
}
Event: 6.110 GC heap after
{Heap after GC invocations=5 (full 0):
 garbage-first heap   total 131072K, used 31761K [0x0000000081c00000, 0x0000000100000000)
  region size 1024K, 6 young (6144K), 6 survivors (6144K)
 Metaspace       used 19767K, capacity 20316K, committed 20608K, reserved 1067008K
  class space    used 2166K, capacity 2359K, committed 2432K, reserved 1048576K
}
Event: 8.933 GC heap before
{Heap before GC invocations=6 (full 0):
 garbage-first heap   total 131072K, used 93201K [0x0000000081c00000, 0x0000000100000000)
  region size 1024K, 46 young (47104K), 6 survivors (6144K)
 Metaspace       used 23622K, capacity 24310K, committed 24576K, reserved 1071104K
  class space    used 2697K, capacity 3020K, committed 3072K, reserved 1048576K
}
Event: 8.943 GC heap after
{Heap after GC invocations=7 (full 0):
 garbage-first heap   total 131072K, used 37078K [0x0000000081c00000, 0x0000000100000000)
  region size 1024K, 3 young (3072K), 3 survivors (3072K)
 Metaspace       used 23622K, capacity 24310K, committed 24576K, reserved 1071104K
  class space    used 2697K, capacity 3020K, committed 3072K, reserved 1048576K
}
Event: 10.211 GC heap before
{Heap before GC invocations=7 (full 0):
 garbage-first heap   total 131072K, used 86230K [0x0000000081c00000, 0x0000000100000000)
  region size 1024K, 51 young (52224K), 3 survivors (3072K)
 Metaspace       used 27734K, capacity 28446K, committed 28672K, reserved 1075200K
  class space    used 2885K, capacity 3212K, committed 3328K, reserved 1048576K
}
Event: 10.221 GC heap after
{Heap after GC invocations=8 (full 0):
 garbage-first heap   total 131072K, used 38382K [0x0000000081c00000, 0x0000000100000000)
  region size 1024K, 5 young (5120K), 5 survivors (5120K)
 Metaspace       used 27734K, capacity 28446K, committed 28672K, reserved 1075200K
  class space    used 2885K, capacity 3212K, committed 3328K, reserved 1048576K
}
Event: 10.909 GC heap before
{Heap before GC invocations=8 (full 0):
 garbage-first heap   total 131072K, used 90606K [0x0000000081c00000, 0x0000000100000000)
  region size 1024K, 56 young (57344K), 5 survivors (5120K)
 Metaspace       used 28128K, capacity 28875K, committed 29184K, reserved 1075200K
  class space    used 2915K, capacity 3249K, committed 3328K, reserved 1048576K
}
Event: 10.922 GC heap after
{Heap after GC invocations=9 (full 0):
 garbage-first heap   total 131072K, used 39818K [0x0000000081c00000, 0x0000000100000000)
  region size 1024K, 4 young (4096K), 4 survivors (4096K)
 Metaspace       used 28128K, capacity 28875K, committed 29184K, reserved 1075200K
  class space    used 2915K, capacity 3249K, committed 3328K, reserved 1048576K
}
Event: 12.970 GC heap before
{Heap before GC invocations=9 (full 0):
 garbage-first heap   total 131072K, used 101258K [0x0000000081c00000, 0x0000000100000000)
  region size 1024K, 63 young (64512K), 4 survivors (4096K)
 Metaspace       used 29076K, capacity 29818K, committed 29952K, reserved 1075200K
  class space    used 2994K, capacity 3327K, committed 3328K, reserved 1048576K
}
Event: 12.976 GC heap after
{Heap after GC invocations=10 (full 0):
 garbage-first heap   total 131072K, used 40344K [0x0000000081c00000, 0x0000000100000000)
  region size 1024K, 3 young (3072K), 3 survivors (3072K)
 Metaspace       used 29076K, capacity 29818K, committed 29952K, reserved 1075200K
  class space    used 2994K, capacity 3327K, committed 3328K, reserved 1048576K
}

