# JRE version: OpenJDK Runtime Environment (11.0.5+10) (build 11.0.5+10-b520.30)
# Java VM: OpenJDK 64-Bit Server VM (11.0.5+10-b520.30, mixed mode, sharing, tiered, compressed oops, g1 gc, windows-amd64)
Heap:
 garbage-first heap   total 157696K, used 134036K [0x0000000081c00000, 0x0000000100000000)
  region size 1024K, 89 young (91136K), 1 survivors (1024K)
 Metaspace       used 23557K, capacity 24321K, committed 24448K, reserved 1071104K
  class space    used 2335K, capacity 2640K, committed 2688K, reserved 1048576K
GC Heap History (20 events):
Event: 9.415 GC heap before
{Heap before GC invocations=19 (full 0):
 garbage-first heap   total 131072K, used 111711K [0x0000000081c00000, 0x0000000100000000)
  region size 1024K, 70 young (71680K), 4 survivors (4096K)
 Metaspace       used 21472K, capacity 22275K, committed 22528K, reserved 1069056K
  class space    used 2223K, capacity 2558K, committed 2560K, reserved 1048576K
}
Event: 9.417 GC heap after
{Heap after GC invocations=20 (full 0):
 garbage-first heap   total 157696K, used 42629K [0x0000000081c00000, 0x0000000100000000)
  region size 1024K, 2 young (2048K), 2 survivors (2048K)
 Metaspace       used 21472K, capacity 22275K, committed 22528K, reserved 1069056K
  class space    used 2223K, capacity 2558K, committed 2560K, reserved 1048576K
}
Event: 9.521 GC heap before
{Heap before GC invocations=20 (full 0):
 garbage-first heap   total 157696K, used 120453K [0x0000000081c00000, 0x0000000100000000)
  region size 1024K, 79 young (80896K), 2 survivors (2048K)
 Metaspace       used 21472K, capacity 22275K, committed 22528K, reserved 1069056K
  class space    used 2223K, capacity 2558K, committed 2560K, reserved 1048576K
}
Event: 9.523 GC heap after
{Heap after GC invocations=21 (full 0):
 garbage-first heap   total 157696K, used 42908K [0x0000000081c00000, 0x0000000100000000)
  region size 1024K, 2 young (2048K), 2 survivors (2048K)
 Metaspace       used 21472K, capacity 22275K, committed 22528K, reserved 1069056K
  class space    used 2223K, capacity 2558K, committed 2560K, reserved 1048576K
}
Event: 9.622 GC heap before
{Heap before GC invocations=21 (full 0):
 garbage-first heap   total 157696K, used 127900K [0x0000000081c00000, 0x0000000100000000)
  region size 1024K, 85 young (87040K), 2 survivors (2048K)
 Metaspace       used 21473K, capacity 22275K, committed 22528K, reserved 1069056K
  class space    used 2223K, capacity 2558K, committed 2560K, reserved 1048576K
}
Event: 9.623 GC heap after
{Heap after GC invocations=22 (full 0):
 garbage-first heap   total 157696K, used 42469K [0x0000000081c00000, 0x0000000100000000)
  region size 1024K, 1 young (1024K), 1 survivors (1024K)
 Metaspace       used 21473K, capacity 22275K, committed 22528K, reserved 1069056K
  class space    used 2223K, capacity 2558K, committed 2560K, reserved 1048576K
}
Event: 9.718 GC heap before
{Heap before GC invocations=22 (full 0):
 garbage-first heap   total 157696K, used 134629K [0x0000000081c00000, 0x0000000100000000)
  region size 1024K, 92 young (94208K), 1 survivors (1024K)
 Metaspace       used 21473K, capacity 22275K, committed 22528K, reserved 1069056K
  class space    used 2223K, capacity 2558K, committed 2560K, reserved 1048576K
}
Event: 9.719 GC heap after
{Heap after GC invocations=23 (full 0):
 garbage-first heap   total 157696K, used 42496K [0x0000000081c00000, 0x0000000100000000)
  region size 1024K, 1 young (1024K), 1 survivors (1024K)
 Metaspace       used 21473K, capacity 22275K, committed 22528K, reserved 1069056K
  class space    used 2223K, capacity 2558K, committed 2560K, reserved 1048576K
}
Event: 9.831 GC heap before
{Heap before GC invocations=23 (full 0):
 garbage-first heap   total 157696K, used 134656K [0x0000000081c00000, 0x0000000100000000)
  region size 1024K, 91 young (93184K), 1 survivors (1024K)
 Metaspace       used 21497K, capacity 22339K, committed 22528K, reserved 1069056K
  class space    used 2223K, capacity 2558K, committed 2560K, reserved 1048576K
}
Event: 9.832 GC heap after
{Heap after GC invocations=24 (full 0):
 garbage-first heap   total 157696K, used 42741K [0x0000000081c00000, 0x0000000100000000)
  region size 1024K, 1 young (1024K), 1 survivors (1024K)
 Metaspace       used 21497K, capacity 22339K, committed 22528K, reserved 1069056K
  class space    used 2223K, capacity 2558K, committed 2560K, reserved 1048576K
}
Event: 11.143 GC heap before
{Heap before GC invocations=24 (full 0):
 garbage-first heap   total 157696K, used 135925K [0x0000000081c00000, 0x0000000100000000)
  region size 1024K, 92 young (94208K), 1 survivors (1024K)
 Metaspace       used 22450K, capacity 23267K, committed 23424K, reserved 1071104K
  class space    used 2258K, capacity 2590K, committed 2688K, reserved 1048576K
}
Event: 11.146 GC heap after
{Heap after GC invocations=25 (full 0):
 garbage-first heap   total 157696K, used 42346K [0x0000000081c00000, 0x0000000100000000)
  region size 1024K, 1 young (1024K), 1 survivors (1024K)
 Metaspace       used 22450K, capacity 23267K, committed 23424K, reserved 1071104K
  class space    used 2258K, capacity 2590K, committed 2688K, reserved 1048576K
}
Event: 13.258 GC heap before
{Heap before GC invocations=25 (full 0):
 garbage-first heap   total 157696K, used 135530K [0x0000000081c00000, 0x0000000100000000)
  region size 1024K, 92 young (94208K), 1 survivors (1024K)
 Metaspace       used 22472K, capacity 23267K, committed 23424K, reserved 1071104K
  class space    used 2258K, capacity 2590K, committed 2688K, reserved 1048576K
}
Event: 13.260 GC heap after
{Heap after GC invocations=26 (full 0):
 garbage-first heap   total 157696K, used 42315K [0x0000000081c00000, 0x0000000100000000)
  region size 1024K, 1 young (1024K), 1 survivors (1024K)
 Metaspace       used 22472K, capacity 23267K, committed 23424K, reserved 1071104K
  class space    used 2258K, capacity 2590K, committed 2688K, reserved 1048576K
}
Event: 15.877 GC heap before
{Heap before GC invocations=26 (full 0):
 garbage-first heap   total 157696K, used 135499K [0x0000000081c00000, 0x0000000100000000)
  region size 1024K, 92 young (94208K), 1 survivors (1024K)
 Metaspace       used 22494K, capacity 23267K, committed 23424K, reserved 1071104K
  class space    used 2258K, capacity 2590K, committed 2688K, reserved 1048576K
}
Event: 15.879 GC heap after
{Heap after GC invocations=27 (full 0):
 garbage-first heap   total 157696K, used 42309K [0x0000000081c00000, 0x0000000100000000)
  region size 1024K, 1 young (1024K), 1 survivors (1024K)
 Metaspace       used 22494K, capacity 23267K, committed 23424K, reserved 1071104K
  class space    used 2258K, capacity 2590K, committed 2688K, reserved 1048576K
}
Event: 19.524 GC heap before
{Heap before GC invocations=27 (full 0):
 garbage-first heap   total 157696K, used 136517K [0x0000000081c00000, 0x0000000100000000)
  region size 1024K, 92 young (94208K), 1 survivors (1024K)
 Metaspace       used 23409K, capacity 24192K, committed 24448K, reserved 1071104K
  class space    used 2335K, capacity 2640K, committed 2688K, reserved 1048576K
}
Event: 19.525 GC heap after
{Heap after GC invocations=28 (full 0):
 garbage-first heap   total 157696K, used 44915K [0x0000000081c00000, 0x0000000100000000)
  region size 1024K, 1 young (1024K), 1 survivors (1024K)
 Metaspace       used 23409K, capacity 24192K, committed 24448K, reserved 1071104K
  class space    used 2335K, capacity 2640K, committed 2688K, reserved 1048576K
}
Event: 24.233 GC heap before
{Heap before GC invocations=28 (full 0):
 garbage-first heap   total 157696K, used 138099K [0x0000000081c00000, 0x0000000100000000)
  region size 1024K, 92 young (94208K), 1 survivors (1024K)
 Metaspace       used 23525K, capacity 24257K, committed 24448K, reserved 1071104K
  class space    used 2335K, capacity 2640K, committed 2688K, reserved 1048576K
}
Event: 24.237 GC heap after
{Heap after GC invocations=29 (full 0):
 garbage-first heap   total 157696K, used 44948K [0x0000000081c00000, 0x0000000100000000)
  region size 1024K, 1 young (1024K), 1 survivors (1024K)
 Metaspace       used 23525K, capacity 24257K, committed 24448K, reserved 1071104K
  class space    used 2335K, capacity 2640K, committed 2688K, reserved 1048576K
}

