# JRE version: OpenJDK Runtime Environment (11.0.5+10) (build 11.0.5+10-b520.30)
# Java VM: OpenJDK 64-Bit Server VM (11.0.5+10-b520.30, mixed mode, sharing, tiered, compressed oops, g1 gc, windows-amd64)
Heap:
 garbage-first heap   total 157696K, used 104367K [0x0000000081c00000, 0x0000000100000000)
  region size 1024K, 60 young (61440K), 1 survivors (1024K)
 Metaspace       used 23427K, capacity 24190K, committed 24448K, reserved 1071104K
  class space    used 2334K, capacity 2640K, committed 2688K, reserved 1048576K
GC Heap History (20 events):
Event: 5.853 GC heap before
{Heap before GC invocations=19 (full 0):
 garbage-first heap   total 157696K, used 131270K [0x0000000081c00000, 0x0000000100000000)
  region size 1024K, 89 young (91136K), 2 survivors (2048K)
 Metaspace       used 21089K, capacity 21822K, committed 22016K, reserved 1069056K
  class space    used 2221K, capacity 2558K, committed 2560K, reserved 1048576K
}
Event: 5.855 GC heap after
{Heap after GC invocations=20 (full 0):
 garbage-first heap   total 157696K, used 42712K [0x0000000081c00000, 0x0000000100000000)
  region size 1024K, 2 young (2048K), 2 survivors (2048K)
 Metaspace       used 21089K, capacity 21822K, committed 22016K, reserved 1069056K
  class space    used 2221K, capacity 2558K, committed 2560K, reserved 1048576K
}
Event: 5.951 GC heap before
{Heap before GC invocations=20 (full 0):
 garbage-first heap   total 157696K, used 130776K [0x0000000081c00000, 0x0000000100000000)
  region size 1024K, 89 young (91136K), 2 survivors (2048K)
 Metaspace       used 21097K, capacity 21822K, committed 22016K, reserved 1069056K
  class space    used 2221K, capacity 2558K, committed 2560K, reserved 1048576K
}
Event: 5.953 GC heap after
{Heap after GC invocations=21 (full 0):
 garbage-first heap   total 157696K, used 43074K [0x0000000081c00000, 0x0000000100000000)
  region size 1024K, 2 young (2048K), 2 survivors (2048K)
 Metaspace       used 21097K, capacity 21822K, committed 22016K, reserved 1069056K
  class space    used 2221K, capacity 2558K, committed 2560K, reserved 1048576K
}
Event: 6.052 GC heap before
{Heap before GC invocations=21 (full 0):
 garbage-first heap   total 157696K, used 132162K [0x0000000081c00000, 0x0000000100000000)
  region size 1024K, 89 young (91136K), 2 survivors (2048K)
 Metaspace       used 21097K, capacity 21822K, committed 22016K, reserved 1069056K
  class space    used 2221K, capacity 2558K, committed 2560K, reserved 1048576K
}
Event: 6.053 GC heap after
{Heap after GC invocations=22 (full 0):
 garbage-first heap   total 157696K, used 42775K [0x0000000081c00000, 0x0000000100000000)
  region size 1024K, 1 young (1024K), 1 survivors (1024K)
 Metaspace       used 21097K, capacity 21822K, committed 22016K, reserved 1069056K
  class space    used 2221K, capacity 2558K, committed 2560K, reserved 1048576K
}
Event: 6.148 GC heap before
{Heap before GC invocations=22 (full 0):
 garbage-first heap   total 157696K, used 131863K [0x0000000081c00000, 0x0000000100000000)
  region size 1024K, 89 young (91136K), 1 survivors (1024K)
 Metaspace       used 21097K, capacity 21822K, committed 22016K, reserved 1069056K
  class space    used 2221K, capacity 2558K, committed 2560K, reserved 1048576K
}
Event: 6.149 GC heap after
{Heap after GC invocations=23 (full 0):
 garbage-first heap   total 157696K, used 43002K [0x0000000081c00000, 0x0000000100000000)
  region size 1024K, 1 young (1024K), 1 survivors (1024K)
 Metaspace       used 21097K, capacity 21822K, committed 22016K, reserved 1069056K
  class space    used 2221K, capacity 2558K, committed 2560K, reserved 1048576K
}
Event: 6.261 GC heap before
{Heap before GC invocations=23 (full 0):
 garbage-first heap   total 157696K, used 135162K [0x0000000081c00000, 0x0000000100000000)
  region size 1024K, 91 young (93184K), 1 survivors (1024K)
 Metaspace       used 21118K, capacity 21822K, committed 22016K, reserved 1069056K
  class space    used 2221K, capacity 2558K, committed 2560K, reserved 1048576K
}
Event: 6.262 GC heap after
{Heap after GC invocations=24 (full 0):
 garbage-first heap   total 157696K, used 42578K [0x0000000081c00000, 0x0000000100000000)
  region size 1024K, 1 young (1024K), 1 survivors (1024K)
 Metaspace       used 21118K, capacity 21822K, committed 22016K, reserved 1069056K
  class space    used 2221K, capacity 2558K, committed 2560K, reserved 1048576K
}
Event: 7.140 GC heap before
{Heap before GC invocations=24 (full 0):
 garbage-first heap   total 157696K, used 135762K [0x0000000081c00000, 0x0000000100000000)
  region size 1024K, 92 young (94208K), 1 survivors (1024K)
 Metaspace       used 22092K, capacity 22814K, committed 23168K, reserved 1069056K
  class space    used 2256K, capacity 2590K, committed 2688K, reserved 1048576K
}
Event: 7.142 GC heap after
{Heap after GC invocations=25 (full 0):
 garbage-first heap   total 157696K, used 42378K [0x0000000081c00000, 0x0000000100000000)
  region size 1024K, 1 young (1024K), 1 survivors (1024K)
 Metaspace       used 22092K, capacity 22814K, committed 23168K, reserved 1069056K
  class space    used 2256K, capacity 2590K, committed 2688K, reserved 1048576K
}
Event: 9.204 GC heap before
{Heap before GC invocations=25 (full 0):
 garbage-first heap   total 157696K, used 135562K [0x0000000081c00000, 0x0000000100000000)
  region size 1024K, 92 young (94208K), 1 survivors (1024K)
 Metaspace       used 22173K, capacity 22946K, committed 23168K, reserved 1069056K
  class space    used 2256K, capacity 2590K, committed 2688K, reserved 1048576K
}
Event: 9.207 GC heap after
{Heap after GC invocations=26 (full 0):
 garbage-first heap   total 157696K, used 42370K [0x0000000081c00000, 0x0000000100000000)
  region size 1024K, 1 young (1024K), 1 survivors (1024K)
 Metaspace       used 22173K, capacity 22946K, committed 23168K, reserved 1069056K
  class space    used 2256K, capacity 2590K, committed 2688K, reserved 1048576K
}
Event: 11.887 GC heap before
{Heap before GC invocations=26 (full 0):
 garbage-first heap   total 157696K, used 135554K [0x0000000081c00000, 0x0000000100000000)
  region size 1024K, 92 young (94208K), 1 survivors (1024K)
 Metaspace       used 22249K, capacity 23074K, committed 23424K, reserved 1071104K
  class space    used 2256K, capacity 2590K, committed 2688K, reserved 1048576K
}
Event: 11.889 GC heap after
{Heap after GC invocations=27 (full 0):
 garbage-first heap   total 157696K, used 42356K [0x0000000081c00000, 0x0000000100000000)
  region size 1024K, 1 young (1024K), 1 survivors (1024K)
 Metaspace       used 22249K, capacity 23074K, committed 23424K, reserved 1071104K
  class space    used 2256K, capacity 2590K, committed 2688K, reserved 1048576K
}
Event: 14.421 GC heap before
{Heap before GC invocations=27 (full 0):
 garbage-first heap   total 157696K, used 135540K [0x0000000081c00000, 0x0000000100000000)
  region size 1024K, 92 young (94208K), 1 survivors (1024K)
 Metaspace       used 22297K, capacity 23074K, committed 23424K, reserved 1071104K
  class space    used 2256K, capacity 2590K, committed 2688K, reserved 1048576K
}
Event: 14.423 GC heap after
{Heap after GC invocations=28 (full 0):
 garbage-first heap   total 157696K, used 42367K [0x0000000081c00000, 0x0000000100000000)
  region size 1024K, 1 young (1024K), 1 survivors (1024K)
 Metaspace       used 22297K, capacity 23074K, committed 23424K, reserved 1071104K
  class space    used 2256K, capacity 2590K, committed 2688K, reserved 1048576K
}
Event: 18.367 GC heap before
{Heap before GC invocations=28 (full 0):
 garbage-first heap   total 157696K, used 137599K [0x0000000081c00000, 0x0000000100000000)
  region size 1024K, 92 young (94208K), 1 survivors (1024K)
 Metaspace       used 23380K, capacity 24126K, committed 24192K, reserved 1071104K
  class space    used 2334K, capacity 2640K, committed 2688K, reserved 1048576K
}
Event: 18.371 GC heap after
{Heap after GC invocations=29 (full 0):
 garbage-first heap   total 157696K, used 44975K [0x0000000081c00000, 0x0000000100000000)
  region size 1024K, 1 young (1024K), 1 survivors (1024K)
 Metaspace       used 23380K, capacity 24126K, committed 24192K, reserved 1071104K
  class space    used 2334K, capacity 2640K, committed 2688K, reserved 1048576K
}

