# JRE version: OpenJDK Runtime Environment (11.0.5+10) (build 11.0.5+10-b520.30)
# Java VM: OpenJDK 64-Bit Server VM (11.0.5+10-b520.30, mixed mode, sharing, tiered, compressed oops, g1 gc, windows-amd64)
Heap:
 garbage-first heap   total 157696K, used 46977K [0x0000000081c00000, 0x0000000100000000)
  region size 1024K, 4 young (4096K), 1 survivors (1024K)
 Metaspace       used 23469K, capacity 24192K, committed 24448K, reserved 1071104K
  class space    used 2331K, capacity 2640K, committed 2688K, reserved 1048576K
GC Heap History (20 events):
Event: 8.384 GC heap before
{Heap before GC invocations=24 (full 0):
 garbage-first heap   total 157696K, used 132700K [0x0000000081c00000, 0x0000000100000000)
  region size 1024K, 89 young (91136K), 3 survivors (3072K)
 Metaspace       used 21366K, capacity 22146K, committed 22272K, reserved 1069056K
  class space    used 2222K, capacity 2558K, committed 2560K, reserved 1048576K
}
Event: 8.385 GC heap after
{Heap after GC invocations=25 (full 0):
 garbage-first heap   total 157696K, used 43029K [0x0000000081c00000, 0x0000000100000000)
  region size 1024K, 1 young (1024K), 1 survivors (1024K)
 Metaspace       used 21366K, capacity 22146K, committed 22272K, reserved 1069056K
  class space    used 2222K, capacity 2558K, committed 2560K, reserved 1048576K
}
Event: 9.756 GC heap before
{Heap before GC invocations=25 (full 0):
 garbage-first heap   total 157696K, used 133141K [0x0000000081c00000, 0x0000000100000000)
  region size 1024K, 89 young (91136K), 1 survivors (1024K)
 Metaspace       used 22321K, capacity 23138K, committed 23424K, reserved 1071104K
  class space    used 2254K, capacity 2590K, committed 2688K, reserved 1048576K
}
Event: 9.759 GC heap after
{Heap after GC invocations=26 (full 0):
 garbage-first heap   total 157696K, used 42481K [0x0000000081c00000, 0x0000000100000000)
  region size 1024K, 1 young (1024K), 1 survivors (1024K)
 Metaspace       used 22321K, capacity 23138K, committed 23424K, reserved 1071104K
  class space    used 2254K, capacity 2590K, committed 2688K, reserved 1048576K
}
Event: 11.932 GC heap before
{Heap before GC invocations=26 (full 0):
 garbage-first heap   total 157696K, used 134641K [0x0000000081c00000, 0x0000000100000000)
  region size 1024K, 91 young (93184K), 1 survivors (1024K)
 Metaspace       used 22376K, capacity 23202K, committed 23424K, reserved 1071104K
  class space    used 2254K, capacity 2590K, committed 2688K, reserved 1048576K
}
Event: 11.934 GC heap after
{Heap after GC invocations=27 (full 0):
 garbage-first heap   total 157696K, used 42406K [0x0000000081c00000, 0x0000000100000000)
  region size 1024K, 1 young (1024K), 1 survivors (1024K)
 Metaspace       used 22376K, capacity 23202K, committed 23424K, reserved 1071104K
  class space    used 2254K, capacity 2590K, committed 2688K, reserved 1048576K
}
Event: 14.496 GC heap before
{Heap before GC invocations=27 (full 0):
 garbage-first heap   total 157696K, used 134566K [0x0000000081c00000, 0x0000000100000000)
  region size 1024K, 91 young (93184K), 1 survivors (1024K)
 Metaspace       used 22444K, capacity 23204K, committed 23424K, reserved 1071104K
  class space    used 2254K, capacity 2590K, committed 2688K, reserved 1048576K
}
Event: 14.499 GC heap after
{Heap after GC invocations=28 (full 0):
 garbage-first heap   total 157696K, used 42403K [0x0000000081c00000, 0x0000000100000000)
  region size 1024K, 1 young (1024K), 1 survivors (1024K)
 Metaspace       used 22444K, capacity 23204K, committed 23424K, reserved 1071104K
  class space    used 2254K, capacity 2590K, committed 2688K, reserved 1048576K
}
Event: 16.988 GC heap before
{Heap before GC invocations=28 (full 0):
 garbage-first heap   total 157696K, used 135587K [0x0000000081c00000, 0x0000000100000000)
  region size 1024K, 92 young (94208K), 1 survivors (1024K)
 Metaspace       used 22458K, capacity 23268K, committed 23424K, reserved 1071104K
  class space    used 2254K, capacity 2590K, committed 2688K, reserved 1048576K
}
Event: 16.989 GC heap after
{Heap after GC invocations=29 (full 0):
 garbage-first heap   total 157696K, used 42407K [0x0000000081c00000, 0x0000000100000000)
  region size 1024K, 1 young (1024K), 1 survivors (1024K)
 Metaspace       used 22458K, capacity 23268K, committed 23424K, reserved 1071104K
  class space    used 2254K, capacity 2590K, committed 2688K, reserved 1048576K
}
Event: 19.640 GC heap before
{Heap before GC invocations=29 (full 0):
 garbage-first heap   total 157696K, used 135591K [0x0000000081c00000, 0x0000000100000000)
  region size 1024K, 92 young (94208K), 1 survivors (1024K)
 Metaspace       used 22511K, capacity 23268K, committed 23424K, reserved 1071104K
  class space    used 2254K, capacity 2590K, committed 2688K, reserved 1048576K
}
Event: 19.641 GC heap after
{Heap after GC invocations=30 (full 0):
 garbage-first heap   total 157696K, used 42408K [0x0000000081c00000, 0x0000000100000000)
  region size 1024K, 1 young (1024K), 1 survivors (1024K)
 Metaspace       used 22511K, capacity 23268K, committed 23424K, reserved 1071104K
  class space    used 2254K, capacity 2590K, committed 2688K, reserved 1048576K
}
Event: 22.204 GC heap before
{Heap before GC invocations=30 (full 0):
 garbage-first heap   total 157696K, used 135592K [0x0000000081c00000, 0x0000000100000000)
  region size 1024K, 92 young (94208K), 1 survivors (1024K)
 Metaspace       used 22514K, capacity 23268K, committed 23424K, reserved 1071104K
  class space    used 2254K, capacity 2590K, committed 2688K, reserved 1048576K
}
Event: 22.206 GC heap after
{Heap after GC invocations=31 (full 0):
 garbage-first heap   total 157696K, used 42409K [0x0000000081c00000, 0x0000000100000000)
  region size 1024K, 1 young (1024K), 1 survivors (1024K)
 Metaspace       used 22514K, capacity 23268K, committed 23424K, reserved 1071104K
  class space    used 2254K, capacity 2590K, committed 2688K, reserved 1048576K
}
Event: 25.022 GC heap before
{Heap before GC invocations=31 (full 0):
 garbage-first heap   total 157696K, used 135593K [0x0000000081c00000, 0x0000000100000000)
  region size 1024K, 92 young (94208K), 1 survivors (1024K)
 Metaspace       used 22598K, capacity 23333K, committed 23680K, reserved 1071104K
  class space    used 2254K, capacity 2590K, committed 2688K, reserved 1048576K
}
Event: 25.024 GC heap after
{Heap after GC invocations=32 (full 0):
 garbage-first heap   total 157696K, used 42410K [0x0000000081c00000, 0x0000000100000000)
  region size 1024K, 1 young (1024K), 1 survivors (1024K)
 Metaspace       used 22598K, capacity 23333K, committed 23680K, reserved 1071104K
  class space    used 2254K, capacity 2590K, committed 2688K, reserved 1048576K
}
Event: 27.540 GC heap before
{Heap before GC invocations=32 (full 0):
 garbage-first heap   total 157696K, used 135594K [0x0000000081c00000, 0x0000000100000000)
  region size 1024K, 92 young (94208K), 1 survivors (1024K)
 Metaspace       used 22600K, capacity 23333K, committed 23680K, reserved 1071104K
  class space    used 2254K, capacity 2590K, committed 2688K, reserved 1048576K
}
Event: 27.543 GC heap after
{Heap after GC invocations=33 (full 0):
 garbage-first heap   total 157696K, used 42417K [0x0000000081c00000, 0x0000000100000000)
  region size 1024K, 1 young (1024K), 1 survivors (1024K)
 Metaspace       used 22600K, capacity 23333K, committed 23680K, reserved 1071104K
  class space    used 2254K, capacity 2590K, committed 2688K, reserved 1048576K
}
Event: 31.577 GC heap before
{Heap before GC invocations=33 (full 0):
 garbage-first heap   total 157696K, used 136625K [0x0000000081c00000, 0x0000000100000000)
  region size 1024K, 92 young (94208K), 1 survivors (1024K)
 Metaspace       used 23469K, capacity 24192K, committed 24448K, reserved 1071104K
  class space    used 2331K, capacity 2640K, committed 2688K, reserved 1048576K
}
Event: 31.577 GC heap after
{Heap after GC invocations=34 (full 0):
 garbage-first heap   total 157696K, used 44929K [0x0000000081c00000, 0x0000000100000000)
  region size 1024K, 1 young (1024K), 1 survivors (1024K)
 Metaspace       used 23469K, capacity 24192K, committed 24448K, reserved 1071104K
  class space    used 2331K, capacity 2640K, committed 2688K, reserved 1048576K
}

