# JRE version: OpenJDK Runtime Environment (11.0.5+10) (build 11.0.5+10-b520.30)
# Java VM: OpenJDK 64-Bit Server VM (11.0.5+10-b520.30, mixed mode, sharing, tiered, compressed oops, g1 gc, windows-amd64)
Heap:
 garbage-first heap   total 157696K, used 65713K [0x0000000081c00000, 0x0000000100000000)
  region size 1024K, 22 young (22528K), 1 survivors (1024K)
 Metaspace       used 23264K, capacity 23998K, committed 24192K, reserved 1071104K
  class space    used 2334K, capacity 2640K, committed 2688K, reserved 1048576K
GC Heap History (20 events):
Event: 5.467 GC heap before
{Heap before GC invocations=16 (full 0):
 garbage-first heap   total 131072K, used 111296K [0x0000000081c00000, 0x0000000100000000)
  region size 1024K, 70 young (71680K), 3 survivors (3072K)
 Metaspace       used 21111K, capacity 21886K, committed 22016K, reserved 1069056K
  class space    used 2222K, capacity 2558K, committed 2560K, reserved 1048576K
}
Event: 5.469 GC heap after
{Heap after GC invocations=17 (full 0):
 garbage-first heap   total 131072K, used 42730K [0x0000000081c00000, 0x0000000100000000)
  region size 1024K, 3 young (3072K), 3 survivors (3072K)
 Metaspace       used 21111K, capacity 21886K, committed 22016K, reserved 1069056K
  class space    used 2222K, capacity 2558K, committed 2560K, reserved 1048576K
}
Event: 5.625 GC heap before
{Heap before GC invocations=17 (full 0):
 garbage-first heap   total 131072K, used 112362K [0x0000000081c00000, 0x0000000100000000)
  region size 1024K, 71 young (72704K), 3 survivors (3072K)
 Metaspace       used 21115K, capacity 21886K, committed 22016K, reserved 1069056K
  class space    used 2222K, capacity 2558K, committed 2560K, reserved 1048576K
}
Event: 5.627 GC heap after
{Heap after GC invocations=18 (full 0):
 garbage-first heap   total 131072K, used 42656K [0x0000000081c00000, 0x0000000100000000)
  region size 1024K, 3 young (3072K), 3 survivors (3072K)
 Metaspace       used 21115K, capacity 21886K, committed 22016K, reserved 1069056K
  class space    used 2222K, capacity 2558K, committed 2560K, reserved 1048576K
}
Event: 5.740 GC heap before
{Heap before GC invocations=18 (full 0):
 garbage-first heap   total 131072K, used 112288K [0x0000000081c00000, 0x0000000100000000)
  region size 1024K, 71 young (72704K), 3 survivors (3072K)
 Metaspace       used 21125K, capacity 21886K, committed 22016K, reserved 1069056K
  class space    used 2222K, capacity 2558K, committed 2560K, reserved 1048576K
}
Event: 5.743 GC heap after
{Heap after GC invocations=19 (full 0):
 garbage-first heap   total 157696K, used 42977K [0x0000000081c00000, 0x0000000100000000)
  region size 1024K, 3 young (3072K), 3 survivors (3072K)
 Metaspace       used 21125K, capacity 21886K, committed 22016K, reserved 1069056K
  class space    used 2222K, capacity 2558K, committed 2560K, reserved 1048576K
}
Event: 5.852 GC heap before
{Heap before GC invocations=19 (full 0):
 garbage-first heap   total 157696K, used 133089K [0x0000000081c00000, 0x0000000100000000)
  region size 1024K, 91 young (93184K), 3 survivors (3072K)
 Metaspace       used 21125K, capacity 21886K, committed 22016K, reserved 1069056K
  class space    used 2222K, capacity 2558K, committed 2560K, reserved 1048576K
}
Event: 5.855 GC heap after
{Heap after GC invocations=20 (full 0):
 garbage-first heap   total 157696K, used 44562K [0x0000000081c00000, 0x0000000100000000)
  region size 1024K, 3 young (3072K), 3 survivors (3072K)
 Metaspace       used 21125K, capacity 21886K, committed 22016K, reserved 1069056K
  class space    used 2222K, capacity 2558K, committed 2560K, reserved 1048576K
}
Event: 5.959 GC heap before
{Heap before GC invocations=20 (full 0):
 garbage-first heap   total 157696K, used 134674K [0x0000000081c00000, 0x0000000100000000)
  region size 1024K, 92 young (94208K), 3 survivors (3072K)
 Metaspace       used 21125K, capacity 21886K, committed 22016K, reserved 1069056K
  class space    used 2222K, capacity 2558K, committed 2560K, reserved 1048576K
}
Event: 5.961 GC heap after
{Heap after GC invocations=21 (full 0):
 garbage-first heap   total 157696K, used 43030K [0x0000000081c00000, 0x0000000100000000)
  region size 1024K, 1 young (1024K), 1 survivors (1024K)
 Metaspace       used 21125K, capacity 21886K, committed 22016K, reserved 1069056K
  class space    used 2222K, capacity 2558K, committed 2560K, reserved 1048576K
}
Event: 6.065 GC heap before
{Heap before GC invocations=21 (full 0):
 garbage-first heap   total 157696K, used 135190K [0x0000000081c00000, 0x0000000100000000)
  region size 1024K, 91 young (93184K), 1 survivors (1024K)
 Metaspace       used 21147K, capacity 21950K, committed 22016K, reserved 1069056K
  class space    used 2222K, capacity 2558K, committed 2560K, reserved 1048576K
}
Event: 6.066 GC heap after
{Heap after GC invocations=22 (full 0):
 garbage-first heap   total 157696K, used 43048K [0x0000000081c00000, 0x0000000100000000)
  region size 1024K, 1 young (1024K), 1 survivors (1024K)
 Metaspace       used 21147K, capacity 21950K, committed 22016K, reserved 1069056K
  class space    used 2222K, capacity 2558K, committed 2560K, reserved 1048576K
}
Event: 7.027 GC heap before
{Heap before GC invocations=22 (full 0):
 garbage-first heap   total 157696K, used 135208K [0x0000000081c00000, 0x0000000100000000)
  region size 1024K, 91 young (93184K), 1 survivors (1024K)
 Metaspace       used 22116K, capacity 22814K, committed 23168K, reserved 1069056K
  class space    used 2256K, capacity 2590K, committed 2688K, reserved 1048576K
}
Event: 7.029 GC heap after
{Heap after GC invocations=23 (full 0):
 garbage-first heap   total 157696K, used 42683K [0x0000000081c00000, 0x0000000100000000)
  region size 1024K, 1 young (1024K), 1 survivors (1024K)
 Metaspace       used 22116K, capacity 22814K, committed 23168K, reserved 1069056K
  class space    used 2256K, capacity 2590K, committed 2688K, reserved 1048576K
}
Event: 9.445 GC heap before
{Heap before GC invocations=23 (full 0):
 garbage-first heap   total 157696K, used 134843K [0x0000000081c00000, 0x0000000100000000)
  region size 1024K, 91 young (93184K), 1 survivors (1024K)
 Metaspace       used 22217K, capacity 23010K, committed 23168K, reserved 1069056K
  class space    used 2256K, capacity 2590K, committed 2688K, reserved 1048576K
}
Event: 9.447 GC heap after
{Heap after GC invocations=24 (full 0):
 garbage-first heap   total 157696K, used 42662K [0x0000000081c00000, 0x0000000100000000)
  region size 1024K, 1 young (1024K), 1 survivors (1024K)
 Metaspace       used 22217K, capacity 23010K, committed 23168K, reserved 1069056K
  class space    used 2256K, capacity 2590K, committed 2688K, reserved 1048576K
}
Event: 11.962 GC heap before
{Heap before GC invocations=24 (full 0):
 garbage-first heap   total 157696K, used 135846K [0x0000000081c00000, 0x0000000100000000)
  region size 1024K, 92 young (94208K), 1 survivors (1024K)
 Metaspace       used 22280K, capacity 23074K, committed 23424K, reserved 1071104K
  class space    used 2256K, capacity 2590K, committed 2688K, reserved 1048576K
}
Event: 11.964 GC heap after
{Heap after GC invocations=25 (full 0):
 garbage-first heap   total 157696K, used 42644K [0x0000000081c00000, 0x0000000100000000)
  region size 1024K, 1 young (1024K), 1 survivors (1024K)
 Metaspace       used 22280K, capacity 23074K, committed 23424K, reserved 1071104K
  class space    used 2256K, capacity 2590K, committed 2688K, reserved 1048576K
}
Event: 15.390 GC heap before
{Heap before GC invocations=25 (full 0):
 garbage-first heap   total 157696K, used 136852K [0x0000000081c00000, 0x0000000100000000)
  region size 1024K, 92 young (94208K), 1 survivors (1024K)
 Metaspace       used 23226K, capacity 23986K, committed 24192K, reserved 1071104K
  class space    used 2332K, capacity 2636K, committed 2688K, reserved 1048576K
}
Event: 15.393 GC heap after
{Heap after GC invocations=26 (full 0):
 garbage-first heap   total 157696K, used 45233K [0x0000000081c00000, 0x0000000100000000)
  region size 1024K, 1 young (1024K), 1 survivors (1024K)
 Metaspace       used 23226K, capacity 23986K, committed 24192K, reserved 1071104K
  class space    used 2332K, capacity 2636K, committed 2688K, reserved 1048576K
}

