# JRE version: OpenJDK Runtime Environment (11.0.5+10) (build 11.0.5+10-b520.30)
# Java VM: OpenJDK 64-Bit Server VM (11.0.5+10-b520.30, mixed mode, sharing, tiered, compressed oops, g1 gc, windows-amd64)
Heap:
 garbage-first heap   total 241664K, used 208603K [0x0000000081c00000, 0x0000000100000000)
  region size 1024K, 101 young (103424K), 1 survivors (1024K)
 Metaspace       used 26908K, capacity 27875K, committed 28032K, reserved 1073152K
  class space    used 2902K, capacity 3338K, committed 3456K, reserved 1048576K
GC Heap History (20 events):
Event: 9.993 GC heap before
{Heap before GC invocations=67 (full 0):
 garbage-first heap   total 241664K, used 204097K [0x0000000081c00000, 0x0000000100000000)
  region size 1024K, 98 young (100352K), 4 survivors (4096K)
 Metaspace       used 25191K, capacity 26207K, committed 26368K, reserved 1073152K
  class space    used 2824K, capacity 3230K, committed 3328K, reserved 1048576K
}
Event: 9.997 GC heap after
{Heap after GC invocations=68 (full 0):
 garbage-first heap   total 241664K, used 109020K [0x0000000081c00000, 0x0000000100000000)
  region size 1024K, 5 young (5120K), 5 survivors (5120K)
 Metaspace       used 25191K, capacity 26207K, committed 26368K, reserved 1073152K
  class space    used 2824K, capacity 3230K, committed 3328K, reserved 1048576K
}
Event: 10.096 GC heap before
{Heap before GC invocations=68 (full 0):
 garbage-first heap   total 241664K, used 205276K [0x0000000081c00000, 0x0000000100000000)
  region size 1024K, 99 young (101376K), 5 survivors (5120K)
 Metaspace       used 25191K, capacity 26207K, committed 26368K, reserved 1073152K
  class space    used 2824K, capacity 3230K, committed 3328K, reserved 1048576K
}
Event: 10.098 GC heap after
{Heap after GC invocations=69 (full 0):
 garbage-first heap   total 241664K, used 106820K [0x0000000081c00000, 0x0000000100000000)
  region size 1024K, 2 young (2048K), 2 survivors (2048K)
 Metaspace       used 25191K, capacity 26207K, committed 26368K, reserved 1073152K
  class space    used 2824K, capacity 3230K, committed 3328K, reserved 1048576K
}
Event: 10.203 GC heap before
{Heap before GC invocations=69 (full 0):
 garbage-first heap   total 241664K, used 205124K [0x0000000081c00000, 0x0000000100000000)
  region size 1024K, 98 young (100352K), 2 survivors (2048K)
 Metaspace       used 25193K, capacity 26207K, committed 26368K, reserved 1073152K
  class space    used 2824K, capacity 3230K, committed 3328K, reserved 1048576K
}
Event: 10.206 GC heap after
{Heap after GC invocations=70 (full 0):
 garbage-first heap   total 241664K, used 108067K [0x0000000081c00000, 0x0000000100000000)
  region size 1024K, 4 young (4096K), 4 survivors (4096K)
 Metaspace       used 25193K, capacity 26207K, committed 26368K, reserved 1073152K
  class space    used 2824K, capacity 3230K, committed 3328K, reserved 1048576K
}
Event: 10.315 GC heap before
{Heap before GC invocations=70 (full 0):
 garbage-first heap   total 241664K, used 206371K [0x0000000081c00000, 0x0000000100000000)
  region size 1024K, 100 young (102400K), 4 survivors (4096K)
 Metaspace       used 25199K, capacity 26207K, committed 26368K, reserved 1073152K
  class space    used 2824K, capacity 3230K, committed 3328K, reserved 1048576K
}
Event: 10.317 GC heap after
{Heap after GC invocations=71 (full 0):
 garbage-first heap   total 241664K, used 107187K [0x0000000081c00000, 0x0000000100000000)
  region size 1024K, 3 young (3072K), 3 survivors (3072K)
 Metaspace       used 25199K, capacity 26207K, committed 26368K, reserved 1073152K
  class space    used 2824K, capacity 3230K, committed 3328K, reserved 1048576K
}
Event: 10.432 GC heap before
{Heap before GC invocations=71 (full 0):
 garbage-first heap   total 241664K, used 206515K [0x0000000081c00000, 0x0000000100000000)
  region size 1024K, 100 young (102400K), 3 survivors (3072K)
 Metaspace       used 25200K, capacity 26207K, committed 26368K, reserved 1073152K
  class space    used 2824K, capacity 3230K, committed 3328K, reserved 1048576K
}
Event: 10.434 GC heap after
{Heap after GC invocations=72 (full 0):
 garbage-first heap   total 241664K, used 106544K [0x0000000081c00000, 0x0000000100000000)
  region size 1024K, 2 young (2048K), 2 survivors (2048K)
 Metaspace       used 25200K, capacity 26207K, committed 26368K, reserved 1073152K
  class space    used 2824K, capacity 3230K, committed 3328K, reserved 1048576K
}
Event: 10.560 GC heap before
{Heap before GC invocations=72 (full 0):
 garbage-first heap   total 241664K, used 210992K [0x0000000081c00000, 0x0000000100000000)
  region size 1024K, 104 young (106496K), 2 survivors (2048K)
 Metaspace       used 25224K, capacity 26207K, committed 26368K, reserved 1073152K
  class space    used 2824K, capacity 3230K, committed 3328K, reserved 1048576K
}
Event: 10.561 GC heap after
{Heap after GC invocations=73 (full 0):
 garbage-first heap   total 241664K, used 106353K [0x0000000081c00000, 0x0000000100000000)
  region size 1024K, 2 young (2048K), 2 survivors (2048K)
 Metaspace       used 25224K, capacity 26207K, committed 26368K, reserved 1073152K
  class space    used 2824K, capacity 3230K, committed 3328K, reserved 1048576K
}
Event: 11.818 GC heap before
{Heap before GC invocations=73 (full 0):
 garbage-first heap   total 241664K, used 209777K [0x0000000081c00000, 0x0000000100000000)
  region size 1024K, 103 young (105472K), 2 survivors (2048K)
 Metaspace       used 26186K, capacity 27296K, committed 27392K, reserved 1073152K
  class space    used 2859K, capacity 3294K, committed 3328K, reserved 1048576K
}
Event: 11.825 GC heap after
{Heap after GC invocations=74 (full 0):
 garbage-first heap   total 241664K, used 106259K [0x0000000081c00000, 0x0000000100000000)
  region size 1024K, 2 young (2048K), 2 survivors (2048K)
 Metaspace       used 26186K, capacity 27296K, committed 27392K, reserved 1073152K
  class space    used 2859K, capacity 3294K, committed 3328K, reserved 1048576K
}
Event: 14.235 GC heap before
{Heap before GC invocations=74 (full 0):
 garbage-first heap   total 241664K, used 210707K [0x0000000081c00000, 0x0000000100000000)
  region size 1024K, 104 young (106496K), 2 survivors (2048K)
 Metaspace       used 26276K, capacity 27296K, committed 27392K, reserved 1073152K
  class space    used 2859K, capacity 3294K, committed 3328K, reserved 1048576K
}
Event: 14.241 GC heap after
{Heap after GC invocations=75 (full 0):
 garbage-first heap   total 241664K, used 106273K [0x0000000081c00000, 0x0000000100000000)
  region size 1024K, 2 young (2048K), 2 survivors (2048K)
 Metaspace       used 26276K, capacity 27296K, committed 27392K, reserved 1073152K
  class space    used 2859K, capacity 3294K, committed 3328K, reserved 1048576K
}
Event: 16.693 GC heap before
{Heap before GC invocations=75 (full 0):
 garbage-first heap   total 241664K, used 210721K [0x0000000081c00000, 0x0000000100000000)
  region size 1024K, 104 young (106496K), 2 survivors (2048K)
 Metaspace       used 26299K, capacity 27360K, committed 27648K, reserved 1073152K
  class space    used 2859K, capacity 3294K, committed 3328K, reserved 1048576K
}
Event: 16.697 GC heap after
{Heap after GC invocations=76 (full 0):
 garbage-first heap   total 241664K, used 106250K [0x0000000081c00000, 0x0000000100000000)
  region size 1024K, 2 young (2048K), 2 survivors (2048K)
 Metaspace       used 26299K, capacity 27360K, committed 27648K, reserved 1073152K
  class space    used 2859K, capacity 3294K, committed 3328K, reserved 1048576K
}
Event: 19.685 GC heap before
{Heap before GC invocations=76 (full 0):
 garbage-first heap   total 241664K, used 211722K [0x0000000081c00000, 0x0000000100000000)
  region size 1024K, 105 young (107520K), 2 survivors (2048K)
 Metaspace       used 26318K, capacity 27360K, committed 27648K, reserved 1073152K
  class space    used 2859K, capacity 3294K, committed 3328K, reserved 1048576K
}
Event: 19.688 GC heap after
{Heap after GC invocations=77 (full 0):
 garbage-first heap   total 241664K, used 106203K [0x0000000081c00000, 0x0000000100000000)
  region size 1024K, 1 young (1024K), 1 survivors (1024K)
 Metaspace       used 26318K, capacity 27360K, committed 27648K, reserved 1073152K
  class space    used 2859K, capacity 3294K, committed 3328K, reserved 1048576K
}

