# JRE version: OpenJDK Runtime Environment (11.0.5+10) (build 11.0.5+10-b520.30)
# Java VM: OpenJDK 64-Bit Server VM (11.0.5+10-b520.30, mixed mode, sharing, tiered, compressed oops, g1 gc, windows-amd64)
Heap:
 garbage-first heap   total 157696K, used 67951K [0x0000000081c00000, 0x0000000100000000)
  region size 1024K, 24 young (24576K), 1 survivors (1024K)
 Metaspace       used 23283K, capacity 24062K, committed 24268K, reserved 1071104K
  class space    used 2334K, capacity 2640K, committed 2764K, reserved 1048576K
GC Heap History (20 events):
Event: 5.954 GC heap before
{Heap before GC invocations=16 (full 0):
 garbage-first heap   total 131072K, used 111278K [0x0000000081c00000, 0x0000000100000000)
  region size 1024K, 69 young (70656K), 3 survivors (3072K)
 Metaspace       used 21176K, capacity 21953K, committed 22092K, reserved 1069056K
  class space    used 2221K, capacity 2558K, committed 2636K, reserved 1048576K
}
Event: 5.956 GC heap after
{Heap after GC invocations=17 (full 0):
 garbage-first heap   total 131072K, used 42870K [0x0000000081c00000, 0x0000000100000000)
  region size 1024K, 3 young (3072K), 3 survivors (3072K)
 Metaspace       used 21176K, capacity 21953K, committed 22092K, reserved 1069056K
  class space    used 2221K, capacity 2558K, committed 2636K, reserved 1048576K
}
Event: 6.029 GC heap before
{Heap before GC invocations=17 (full 0):
 garbage-first heap   total 131072K, used 111478K [0x0000000081c00000, 0x0000000100000000)
  region size 1024K, 70 young (71680K), 3 survivors (3072K)
 Metaspace       used 21180K, capacity 21953K, committed 22092K, reserved 1069056K
  class space    used 2221K, capacity 2558K, committed 2636K, reserved 1048576K
}
Event: 6.031 GC heap after
{Heap after GC invocations=18 (full 0):
 garbage-first heap   total 131072K, used 43208K [0x0000000081c00000, 0x0000000100000000)
  region size 1024K, 3 young (3072K), 3 survivors (3072K)
 Metaspace       used 21180K, capacity 21953K, committed 22092K, reserved 1069056K
  class space    used 2221K, capacity 2558K, committed 2636K, reserved 1048576K
}
Event: 6.154 GC heap before
{Heap before GC invocations=18 (full 0):
 garbage-first heap   total 131072K, used 112840K [0x0000000081c00000, 0x0000000100000000)
  region size 1024K, 71 young (72704K), 3 survivors (3072K)
 Metaspace       used 21190K, capacity 21953K, committed 22092K, reserved 1069056K
  class space    used 2221K, capacity 2558K, committed 2636K, reserved 1048576K
}
Event: 6.158 GC heap after
{Heap after GC invocations=19 (full 0):
 garbage-first heap   total 131072K, used 44716K [0x0000000081c00000, 0x0000000100000000)
  region size 1024K, 4 young (4096K), 4 survivors (4096K)
 Metaspace       used 21190K, capacity 21953K, committed 22092K, reserved 1069056K
  class space    used 2221K, capacity 2558K, committed 2636K, reserved 1048576K
}
Event: 6.230 GC heap before
{Heap before GC invocations=19 (full 0):
 garbage-first heap   total 131072K, used 113324K [0x0000000081c00000, 0x0000000100000000)
  region size 1024K, 71 young (72704K), 4 survivors (4096K)
 Metaspace       used 21190K, capacity 21953K, committed 22092K, reserved 1069056K
  class space    used 2221K, capacity 2558K, committed 2636K, reserved 1048576K
}
Event: 6.232 GC heap after
{Heap after GC invocations=20 (full 0):
 garbage-first heap   total 157696K, used 43299K [0x0000000081c00000, 0x0000000100000000)
  region size 1024K, 2 young (2048K), 2 survivors (2048K)
 Metaspace       used 21190K, capacity 21953K, committed 22092K, reserved 1069056K
  class space    used 2221K, capacity 2558K, committed 2636K, reserved 1048576K
}
Event: 6.343 GC heap before
{Heap before GC invocations=20 (full 0):
 garbage-first heap   total 157696K, used 128291K [0x0000000081c00000, 0x0000000100000000)
  region size 1024K, 85 young (87040K), 2 survivors (2048K)
 Metaspace       used 21190K, capacity 21953K, committed 22092K, reserved 1069056K
  class space    used 2221K, capacity 2558K, committed 2636K, reserved 1048576K
}
Event: 6.345 GC heap after
{Heap after GC invocations=21 (full 0):
 garbage-first heap   total 157696K, used 43590K [0x0000000081c00000, 0x0000000100000000)
  region size 1024K, 2 young (2048K), 2 survivors (2048K)
 Metaspace       used 21190K, capacity 21953K, committed 22092K, reserved 1069056K
  class space    used 2221K, capacity 2558K, committed 2636K, reserved 1048576K
}
Event: 6.438 GC heap before
{Heap before GC invocations=21 (full 0):
 garbage-first heap   total 157696K, used 131654K [0x0000000081c00000, 0x0000000100000000)
  region size 1024K, 88 young (90112K), 2 survivors (2048K)
 Metaspace       used 21198K, capacity 21953K, committed 22092K, reserved 1069056K
  class space    used 2221K, capacity 2558K, committed 2636K, reserved 1048576K
}
Event: 6.439 GC heap after
{Heap after GC invocations=22 (full 0):
 garbage-first heap   total 157696K, used 42857K [0x0000000081c00000, 0x0000000100000000)
  region size 1024K, 1 young (1024K), 1 survivors (1024K)
 Metaspace       used 21198K, capacity 21953K, committed 22092K, reserved 1069056K
  class space    used 2221K, capacity 2558K, committed 2636K, reserved 1048576K
}
Event: 7.515 GC heap before
{Heap before GC invocations=22 (full 0):
 garbage-first heap   total 157696K, used 136041K [0x0000000081c00000, 0x0000000100000000)
  region size 1024K, 92 young (94208K), 1 survivors (1024K)
 Metaspace       used 22180K, capacity 22882K, committed 23116K, reserved 1069056K
  class space    used 2256K, capacity 2590K, committed 2636K, reserved 1048576K
}
Event: 7.517 GC heap after
{Heap after GC invocations=23 (full 0):
 garbage-first heap   total 157696K, used 42830K [0x0000000081c00000, 0x0000000100000000)
  region size 1024K, 1 young (1024K), 1 survivors (1024K)
 Metaspace       used 22180K, capacity 22882K, committed 23116K, reserved 1069056K
  class space    used 2256K, capacity 2590K, committed 2636K, reserved 1048576K
}
Event: 9.632 GC heap before
{Heap before GC invocations=23 (full 0):
 garbage-first heap   total 157696K, used 136014K [0x0000000081c00000, 0x0000000100000000)
  region size 1024K, 92 young (94208K), 1 survivors (1024K)
 Metaspace       used 22238K, capacity 23074K, committed 23372K, reserved 1071104K
  class space    used 2256K, capacity 2590K, committed 2636K, reserved 1048576K
}
Event: 9.634 GC heap after
{Heap after GC invocations=24 (full 0):
 garbage-first heap   total 157696K, used 42825K [0x0000000081c00000, 0x0000000100000000)
  region size 1024K, 1 young (1024K), 1 survivors (1024K)
 Metaspace       used 22238K, capacity 23074K, committed 23372K, reserved 1071104K
  class space    used 2256K, capacity 2590K, committed 2636K, reserved 1048576K
}
Event: 12.153 GC heap before
{Heap before GC invocations=24 (full 0):
 garbage-first heap   total 157696K, used 136009K [0x0000000081c00000, 0x0000000100000000)
  region size 1024K, 92 young (94208K), 1 survivors (1024K)
 Metaspace       used 22324K, capacity 23138K, committed 23372K, reserved 1071104K
  class space    used 2256K, capacity 2590K, committed 2636K, reserved 1048576K
}
Event: 12.155 GC heap after
{Heap after GC invocations=25 (full 0):
 garbage-first heap   total 157696K, used 42821K [0x0000000081c00000, 0x0000000100000000)
  region size 1024K, 1 young (1024K), 1 survivors (1024K)
 Metaspace       used 22324K, capacity 23138K, committed 23372K, reserved 1071104K
  class space    used 2256K, capacity 2590K, committed 2636K, reserved 1048576K
}
Event: 15.273 GC heap before
{Heap before GC invocations=25 (full 0):
 garbage-first heap   total 157696K, used 138053K [0x0000000081c00000, 0x0000000100000000)
  region size 1024K, 92 young (94208K), 1 survivors (1024K)
 Metaspace       used 23234K, capacity 23986K, committed 24268K, reserved 1071104K
  class space    used 2331K, capacity 2636K, committed 2764K, reserved 1048576K
}
Event: 15.277 GC heap after
{Heap after GC invocations=26 (full 0):
 garbage-first heap   total 157696K, used 45423K [0x0000000081c00000, 0x0000000100000000)
  region size 1024K, 1 young (1024K), 1 survivors (1024K)
 Metaspace       used 23234K, capacity 23986K, committed 24268K, reserved 1071104K
  class space    used 2331K, capacity 2636K, committed 2764K, reserved 1048576K
}

