# JRE version: OpenJDK Runtime Environment (11.0.5+10) (build 11.0.5+10-b520.30)
# Java VM: OpenJDK 64-Bit Server VM (11.0.5+10-b520.30, mixed mode, sharing, tiered, compressed oops, g1 gc, windows-amd64)
Heap:
 garbage-first heap   total 157696K, used 76649K [0x0000000081c00000, 0x0000000100000000)
  region size 1024K, 33 young (33792K), 1 survivors (1024K)
 Metaspace       used 23313K, capacity 24062K, committed 24192K, reserved 1071104K
  class space    used 2334K, capacity 2640K, committed 2688K, reserved 1048576K
GC Heap History (20 events):
Event: 5.608 GC heap before
{Heap before GC invocations=16 (full 0):
 garbage-first heap   total 131072K, used 109029K [0x0000000081c00000, 0x0000000100000000)
  region size 1024K, 69 young (70656K), 3 survivors (3072K)
 Metaspace       used 21095K, capacity 21822K, committed 22016K, reserved 1069056K
  class space    used 2221K, capacity 2558K, committed 2560K, reserved 1048576K
}
Event: 5.610 GC heap after
{Heap after GC invocations=17 (full 0):
 garbage-first heap   total 131072K, used 42529K [0x0000000081c00000, 0x0000000100000000)
  region size 1024K, 3 young (3072K), 3 survivors (3072K)
 Metaspace       used 21095K, capacity 21822K, committed 22016K, reserved 1069056K
  class space    used 2221K, capacity 2558K, committed 2560K, reserved 1048576K
}
Event: 5.694 GC heap before
{Heap before GC invocations=17 (full 0):
 garbage-first heap   total 131072K, used 110113K [0x0000000081c00000, 0x0000000100000000)
  region size 1024K, 69 young (70656K), 3 survivors (3072K)
 Metaspace       used 21097K, capacity 21822K, committed 22016K, reserved 1069056K
  class space    used 2221K, capacity 2558K, committed 2560K, reserved 1048576K
}
Event: 5.696 GC heap after
{Heap after GC invocations=18 (full 0):
 garbage-first heap   total 131072K, used 42392K [0x0000000081c00000, 0x0000000100000000)
  region size 1024K, 3 young (3072K), 3 survivors (3072K)
 Metaspace       used 21097K, capacity 21822K, committed 22016K, reserved 1069056K
  class space    used 2221K, capacity 2558K, committed 2560K, reserved 1048576K
}
Event: 5.768 GC heap before
{Heap before GC invocations=18 (full 0):
 garbage-first heap   total 131072K, used 111000K [0x0000000081c00000, 0x0000000100000000)
  region size 1024K, 70 young (71680K), 3 survivors (3072K)
 Metaspace       used 21102K, capacity 21822K, committed 22016K, reserved 1069056K
  class space    used 2221K, capacity 2558K, committed 2560K, reserved 1048576K
}
Event: 5.771 GC heap after
{Heap after GC invocations=19 (full 0):
 garbage-first heap   total 157696K, used 43027K [0x0000000081c00000, 0x0000000100000000)
  region size 1024K, 3 young (3072K), 3 survivors (3072K)
 Metaspace       used 21102K, capacity 21822K, committed 22016K, reserved 1069056K
  class space    used 2221K, capacity 2558K, committed 2560K, reserved 1048576K
}
Event: 5.882 GC heap before
{Heap before GC invocations=19 (full 0):
 garbage-first heap   total 157696K, used 134163K [0x0000000081c00000, 0x0000000100000000)
  region size 1024K, 92 young (94208K), 3 survivors (3072K)
 Metaspace       used 21102K, capacity 21822K, committed 22016K, reserved 1069056K
  class space    used 2221K, capacity 2558K, committed 2560K, reserved 1048576K
}
Event: 5.884 GC heap after
{Heap after GC invocations=20 (full 0):
 garbage-first heap   total 157696K, used 42733K [0x0000000081c00000, 0x0000000100000000)
  region size 1024K, 2 young (2048K), 2 survivors (2048K)
 Metaspace       used 21102K, capacity 21822K, committed 22016K, reserved 1069056K
  class space    used 2221K, capacity 2558K, committed 2560K, reserved 1048576K
}
Event: 5.993 GC heap before
{Heap before GC invocations=20 (full 0):
 garbage-first heap   total 157696K, used 134893K [0x0000000081c00000, 0x0000000100000000)
  region size 1024K, 92 young (94208K), 2 survivors (2048K)
 Metaspace       used 21103K, capacity 21822K, committed 22016K, reserved 1069056K
  class space    used 2221K, capacity 2558K, committed 2560K, reserved 1048576K
}
Event: 5.994 GC heap after
{Heap after GC invocations=21 (full 0):
 garbage-first heap   total 157696K, used 42463K [0x0000000081c00000, 0x0000000100000000)
  region size 1024K, 1 young (1024K), 1 survivors (1024K)
 Metaspace       used 21103K, capacity 21822K, committed 22016K, reserved 1069056K
  class space    used 2221K, capacity 2558K, committed 2560K, reserved 1048576K
}
Event: 6.149 GC heap before
{Heap before GC invocations=21 (full 0):
 garbage-first heap   total 157696K, used 135647K [0x0000000081c00000, 0x0000000100000000)
  region size 1024K, 92 young (94208K), 1 survivors (1024K)
 Metaspace       used 21148K, capacity 21950K, committed 22016K, reserved 1069056K
  class space    used 2223K, capacity 2558K, committed 2560K, reserved 1048576K
}
Event: 6.150 GC heap after
{Heap after GC invocations=22 (full 0):
 garbage-first heap   total 157696K, used 43015K [0x0000000081c00000, 0x0000000100000000)
  region size 1024K, 1 young (1024K), 1 survivors (1024K)
 Metaspace       used 21148K, capacity 21950K, committed 22016K, reserved 1069056K
  class space    used 2223K, capacity 2558K, committed 2560K, reserved 1048576K
}
Event: 8.437 GC heap before
{Heap before GC invocations=22 (full 0):
 garbage-first heap   total 157696K, used 136199K [0x0000000081c00000, 0x0000000100000000)
  region size 1024K, 92 young (94208K), 1 survivors (1024K)
 Metaspace       used 22167K, capacity 22946K, committed 23168K, reserved 1069056K
  class space    used 2256K, capacity 2590K, committed 2688K, reserved 1048576K
}
Event: 8.440 GC heap after
{Heap after GC invocations=23 (full 0):
 garbage-first heap   total 157696K, used 42369K [0x0000000081c00000, 0x0000000100000000)
  region size 1024K, 1 young (1024K), 1 survivors (1024K)
 Metaspace       used 22167K, capacity 22946K, committed 23168K, reserved 1069056K
  class space    used 2256K, capacity 2590K, committed 2688K, reserved 1048576K
}
Event: 10.650 GC heap before
{Heap before GC invocations=23 (full 0):
 garbage-first heap   total 157696K, used 135553K [0x0000000081c00000, 0x0000000100000000)
  region size 1024K, 92 young (94208K), 1 survivors (1024K)
 Metaspace       used 22242K, capacity 23074K, committed 23424K, reserved 1071104K
  class space    used 2256K, capacity 2590K, committed 2688K, reserved 1048576K
}
Event: 10.651 GC heap after
{Heap after GC invocations=24 (full 0):
 garbage-first heap   total 157696K, used 42318K [0x0000000081c00000, 0x0000000100000000)
  region size 1024K, 1 young (1024K), 1 survivors (1024K)
 Metaspace       used 22242K, capacity 23074K, committed 23424K, reserved 1071104K
  class space    used 2256K, capacity 2590K, committed 2688K, reserved 1048576K
}
Event: 13.208 GC heap before
{Heap before GC invocations=24 (full 0):
 garbage-first heap   total 157696K, used 135502K [0x0000000081c00000, 0x0000000100000000)
  region size 1024K, 92 young (94208K), 1 survivors (1024K)
 Metaspace       used 22291K, capacity 23074K, committed 23424K, reserved 1071104K
  class space    used 2256K, capacity 2590K, committed 2688K, reserved 1048576K
}
Event: 13.210 GC heap after
{Heap after GC invocations=25 (full 0):
 garbage-first heap   total 157696K, used 42314K [0x0000000081c00000, 0x0000000100000000)
  region size 1024K, 1 young (1024K), 1 survivors (1024K)
 Metaspace       used 22291K, capacity 23074K, committed 23424K, reserved 1071104K
  class space    used 2256K, capacity 2590K, committed 2688K, reserved 1048576K
}
Event: 16.196 GC heap before
{Heap before GC invocations=25 (full 0):
 garbage-first heap   total 157696K, used 136522K [0x0000000081c00000, 0x0000000100000000)
  region size 1024K, 92 young (94208K), 1 survivors (1024K)
 Metaspace       used 23153K, capacity 23917K, committed 24192K, reserved 1071104K
  class space    used 2331K, capacity 2636K, committed 2688K, reserved 1048576K
}
Event: 16.199 GC heap after
{Heap after GC invocations=26 (full 0):
 garbage-first heap   total 157696K, used 44905K [0x0000000081c00000, 0x0000000100000000)
  region size 1024K, 1 young (1024K), 1 survivors (1024K)
 Metaspace       used 23153K, capacity 23917K, committed 24192K, reserved 1071104K
  class space    used 2331K, capacity 2636K, committed 2688K, reserved 1048576K
}

