# JRE version: OpenJDK Runtime Environment (11.0.5+10) (build 11.0.5+10-b520.30)
# Java VM: OpenJDK 64-Bit Server VM (11.0.5+10-b520.30, mixed mode, sharing, tiered, compressed oops, g1 gc, windows-amd64)
Heap:
 garbage-first heap   total 157696K, used 77605K [0x0000000081c00000, 0x0000000100000000)
  region size 1024K, 34 young (34816K), 1 survivors (1024K)
 Metaspace       used 23518K, capacity 24255K, committed 24448K, reserved 1071104K
  class space    used 2334K, capacity 2640K, committed 2688K, reserved 1048576K
GC Heap History (20 events):
Event: 5.615 GC heap before
{Heap before GC invocations=17 (full 0):
 garbage-first heap   total 131072K, used 108805K [0x0000000081c00000, 0x0000000100000000)
  region size 1024K, 67 young (68608K), 4 survivors (4096K)
 Metaspace       used 21073K, capacity 21886K, committed 22016K, reserved 1069056K
  class space    used 2221K, capacity 2558K, committed 2560K, reserved 1048576K
}
Event: 5.617 GC heap after
{Heap after GC invocations=18 (full 0):
 garbage-first heap   total 131072K, used 42881K [0x0000000081c00000, 0x0000000100000000)
  region size 1024K, 3 young (3072K), 3 survivors (3072K)
 Metaspace       used 21073K, capacity 21886K, committed 22016K, reserved 1069056K
  class space    used 2221K, capacity 2558K, committed 2560K, reserved 1048576K
}
Event: 5.693 GC heap before
{Heap before GC invocations=18 (full 0):
 garbage-first heap   total 131072K, used 109441K [0x0000000081c00000, 0x0000000100000000)
  region size 1024K, 68 young (69632K), 3 survivors (3072K)
 Metaspace       used 21073K, capacity 21886K, committed 22016K, reserved 1069056K
  class space    used 2221K, capacity 2558K, committed 2560K, reserved 1048576K
}
Event: 5.695 GC heap after
{Heap after GC invocations=19 (full 0):
 garbage-first heap   total 157696K, used 42245K [0x0000000081c00000, 0x0000000100000000)
  region size 1024K, 2 young (2048K), 2 survivors (2048K)
 Metaspace       used 21073K, capacity 21886K, committed 22016K, reserved 1069056K
  class space    used 2221K, capacity 2558K, committed 2560K, reserved 1048576K
}
Event: 5.793 GC heap before
{Heap before GC invocations=19 (full 0):
 garbage-first heap   total 157696K, used 122117K [0x0000000081c00000, 0x0000000100000000)
  region size 1024K, 80 young (81920K), 2 survivors (2048K)
 Metaspace       used 21073K, capacity 21886K, committed 22016K, reserved 1069056K
  class space    used 2221K, capacity 2558K, committed 2560K, reserved 1048576K
}
Event: 5.795 GC heap after
{Heap after GC invocations=20 (full 0):
 garbage-first heap   total 157696K, used 43582K [0x0000000081c00000, 0x0000000100000000)
  region size 1024K, 3 young (3072K), 3 survivors (3072K)
 Metaspace       used 21073K, capacity 21886K, committed 22016K, reserved 1069056K
  class space    used 2221K, capacity 2558K, committed 2560K, reserved 1048576K
}
Event: 5.895 GC heap before
{Heap before GC invocations=20 (full 0):
 garbage-first heap   total 157696K, used 125502K [0x0000000081c00000, 0x0000000100000000)
  region size 1024K, 83 young (84992K), 3 survivors (3072K)
 Metaspace       used 21090K, capacity 21886K, committed 22016K, reserved 1069056K
  class space    used 2221K, capacity 2558K, committed 2560K, reserved 1048576K
}
Event: 5.896 GC heap after
{Heap after GC invocations=21 (full 0):
 garbage-first heap   total 157696K, used 42823K [0x0000000081c00000, 0x0000000100000000)
  region size 1024K, 1 young (1024K), 1 survivors (1024K)
 Metaspace       used 21090K, capacity 21886K, committed 22016K, reserved 1069056K
  class space    used 2221K, capacity 2558K, committed 2560K, reserved 1048576K
}
Event: 6.043 GC heap before
{Heap before GC invocations=21 (full 0):
 garbage-first heap   total 157696K, used 134983K [0x0000000081c00000, 0x0000000100000000)
  region size 1024K, 91 young (93184K), 1 survivors (1024K)
 Metaspace       used 21124K, capacity 21950K, committed 22016K, reserved 1069056K
  class space    used 2223K, capacity 2558K, committed 2560K, reserved 1048576K
}
Event: 6.044 GC heap after
{Heap after GC invocations=22 (full 0):
 garbage-first heap   total 157696K, used 42622K [0x0000000081c00000, 0x0000000100000000)
  region size 1024K, 1 young (1024K), 1 survivors (1024K)
 Metaspace       used 21124K, capacity 21950K, committed 22016K, reserved 1069056K
  class space    used 2223K, capacity 2558K, committed 2560K, reserved 1048576K
}
Event: 8.279 GC heap before
{Heap before GC invocations=22 (full 0):
 garbage-first heap   total 157696K, used 134782K [0x0000000081c00000, 0x0000000100000000)
  region size 1024K, 91 young (93184K), 1 survivors (1024K)
 Metaspace       used 22138K, capacity 22945K, committed 23168K, reserved 1069056K
  class space    used 2256K, capacity 2590K, committed 2688K, reserved 1048576K
}
Event: 8.282 GC heap after
{Heap after GC invocations=23 (full 0):
 garbage-first heap   total 157696K, used 42263K [0x0000000081c00000, 0x0000000100000000)
  region size 1024K, 1 young (1024K), 1 survivors (1024K)
 Metaspace       used 22138K, capacity 22945K, committed 23168K, reserved 1069056K
  class space    used 2256K, capacity 2590K, committed 2688K, reserved 1048576K
}
Event: 10.393 GC heap before
{Heap before GC invocations=23 (full 0):
 garbage-first heap   total 157696K, used 134423K [0x0000000081c00000, 0x0000000100000000)
  region size 1024K, 91 young (93184K), 1 survivors (1024K)
 Metaspace       used 22211K, capacity 23010K, committed 23168K, reserved 1069056K
  class space    used 2256K, capacity 2590K, committed 2688K, reserved 1048576K
}
Event: 10.395 GC heap after
{Heap after GC invocations=24 (full 0):
 garbage-first heap   total 157696K, used 42210K [0x0000000081c00000, 0x0000000100000000)
  region size 1024K, 1 young (1024K), 1 survivors (1024K)
 Metaspace       used 22211K, capacity 23010K, committed 23168K, reserved 1069056K
  class space    used 2256K, capacity 2590K, committed 2688K, reserved 1048576K
}
Event: 13.042 GC heap before
{Heap before GC invocations=24 (full 0):
 garbage-first heap   total 157696K, used 135394K [0x0000000081c00000, 0x0000000100000000)
  region size 1024K, 92 young (94208K), 1 survivors (1024K)
 Metaspace       used 22264K, capacity 23074K, committed 23424K, reserved 1071104K
  class space    used 2256K, capacity 2590K, committed 2688K, reserved 1048576K
}
Event: 13.043 GC heap after
{Heap after GC invocations=25 (full 0):
 garbage-first heap   total 157696K, used 42201K [0x0000000081c00000, 0x0000000100000000)
  region size 1024K, 1 young (1024K), 1 survivors (1024K)
 Metaspace       used 22264K, capacity 23074K, committed 23424K, reserved 1071104K
  class space    used 2256K, capacity 2590K, committed 2688K, reserved 1048576K
}
Event: 15.930 GC heap before
{Heap before GC invocations=25 (full 0):
 garbage-first heap   total 157696K, used 137433K [0x0000000081c00000, 0x0000000100000000)
  region size 1024K, 92 young (94208K), 1 survivors (1024K)
 Metaspace       used 23163K, capacity 23917K, committed 24192K, reserved 1071104K
  class space    used 2330K, capacity 2636K, committed 2688K, reserved 1048576K
}
Event: 15.934 GC heap after
{Heap after GC invocations=26 (full 0):
 garbage-first heap   total 157696K, used 44794K [0x0000000081c00000, 0x0000000100000000)
  region size 1024K, 1 young (1024K), 1 survivors (1024K)
 Metaspace       used 23163K, capacity 23917K, committed 24192K, reserved 1071104K
  class space    used 2330K, capacity 2636K, committed 2688K, reserved 1048576K
}
Event: 20.566 GC heap before
{Heap before GC invocations=26 (full 0):
 garbage-first heap   total 157696K, used 136954K [0x0000000081c00000, 0x0000000100000000)
  region size 1024K, 91 young (93184K), 1 survivors (1024K)
 Metaspace       used 23409K, capacity 24126K, committed 24192K, reserved 1071104K
  class space    used 2334K, capacity 2640K, committed 2688K, reserved 1048576K
}
Event: 20.567 GC heap after
{Heap after GC invocations=27 (full 0):
 garbage-first heap   total 157696K, used 44837K [0x0000000081c00000, 0x0000000100000000)
  region size 1024K, 1 young (1024K), 1 survivors (1024K)
 Metaspace       used 23409K, capacity 24126K, committed 24192K, reserved 1071104K
  class space    used 2334K, capacity 2640K, committed 2688K, reserved 1048576K
}

