# JRE version: OpenJDK Runtime Environment (11.0.6+8) (build 11.0.6+8-b520.43)
# Java VM: OpenJDK 64-Bit Server VM (11.0.6+8-b520.43, mixed mode, tiered, compressed oops, g1 gc, windows-amd64)
Heap:
 garbage-first heap   total 131072K, used 62865K [0x0000000081c00000, 0x0000000100000000)
  region size 1024K, 26 young (26624K), 3 survivors (3072K)
 Metaspace       used 29983K, capacity 30761K, committed 31104K, reserved 1077248K
  class space    used 3028K, capacity 3364K, committed 3456K, reserved 1048576K
GC Heap History (16 events):
Event: 1.474 GC heap before
{Heap before GC invocations=0 (full 0):
 garbage-first heap   total 131072K, used 13312K [0x0000000081c00000, 0x0000000100000000)
  region size 1024K, 14 young (14336K), 0 survivors (0K)
 Metaspace       used 6235K, capacity 6267K, committed 6528K, reserved 1056768K
  class space    used 514K, capacity 534K, committed 640K, reserved 1048576K
}
Event: 1.494 GC heap after
{Heap after GC invocations=1 (full 0):
 garbage-first heap   total 131072K, used 3467K [0x0000000081c00000, 0x0000000100000000)
  region size 1024K, 2 young (2048K), 2 survivors (2048K)
 Metaspace       used 6235K, capacity 6267K, committed 6528K, reserved 1056768K
  class space    used 514K, capacity 534K, committed 640K, reserved 1048576K
}
Event: 2.468 GC heap before
{Heap before GC invocations=1 (full 0):
 garbage-first heap   total 131072K, used 14731K [0x0000000081c00000, 0x0000000100000000)
  region size 1024K, 14 young (14336K), 2 survivors (2048K)
 Metaspace       used 10711K, capacity 10997K, committed 11136K, reserved 1058816K
  class space    used 977K, capacity 1054K, committed 1152K, reserved 1048576K
}
Event: 2.499 GC heap after
{Heap after GC invocations=2 (full 0):
 garbage-first heap   total 131072K, used 5243K [0x0000000081c00000, 0x0000000100000000)
  region size 1024K, 2 young (2048K), 2 survivors (2048K)
 Metaspace       used 10711K, capacity 10997K, committed 11136K, reserved 1058816K
  class space    used 977K, capacity 1054K, committed 1152K, reserved 1048576K
}
Event: 6.140 GC heap before
{Heap before GC invocations=2 (full 0):
 garbage-first heap   total 131072K, used 77947K [0x0000000081c00000, 0x0000000100000000)
  region size 1024K, 24 young (24576K), 2 survivors (2048K)
 Metaspace       used 17189K, capacity 17711K, committed 17920K, reserved 1064960K
  class space    used 1762K, capacity 1979K, committed 2048K, reserved 1048576K
}
Event: 6.151 GC heap after
{Heap after GC invocations=3 (full 0):
 garbage-first heap   total 131072K, used 26913K [0x0000000081c00000, 0x0000000100000000)
  region size 1024K, 4 young (4096K), 4 survivors (4096K)
 Metaspace       used 17189K, capacity 17711K, committed 17920K, reserved 1064960K
  class space    used 1762K, capacity 1979K, committed 2048K, reserved 1048576K
}
Event: 7.015 GC heap before
{Heap before GC invocations=4 (full 0):
 garbage-first heap   total 131072K, used 64801K [0x0000000081c00000, 0x0000000100000000)
  region size 1024K, 16 young (16384K), 4 survivors (4096K)
 Metaspace       used 19799K, capacity 20319K, committed 20608K, reserved 1067008K
  class space    used 2166K, capacity 2360K, committed 2432K, reserved 1048576K
}
Event: 7.026 GC heap after
{Heap after GC invocations=5 (full 0):
 garbage-first heap   total 131072K, used 31857K [0x0000000081c00000, 0x0000000100000000)
  region size 1024K, 4 young (4096K), 4 survivors (4096K)
 Metaspace       used 19799K, capacity 20319K, committed 20608K, reserved 1067008K
  class space    used 2166K, capacity 2360K, committed 2432K, reserved 1048576K
}
Event: 9.690 GC heap before
{Heap before GC invocations=6 (full 0):
 garbage-first heap   total 131072K, used 88177K [0x0000000081c00000, 0x0000000100000000)
  region size 1024K, 39 young (39936K), 4 survivors (4096K)
 Metaspace       used 24025K, capacity 24761K, committed 24832K, reserved 1071104K
  class space    used 2718K, capacity 3021K, committed 3072K, reserved 1048576K
}
Event: 9.705 GC heap after
{Heap after GC invocations=7 (full 0):
 garbage-first heap   total 131072K, used 36989K [0x0000000081c00000, 0x0000000100000000)
  region size 1024K, 3 young (3072K), 3 survivors (3072K)
 Metaspace       used 24025K, capacity 24761K, committed 24832K, reserved 1071104K
  class space    used 2718K, capacity 3021K, committed 3072K, reserved 1048576K
}
Event: 11.156 GC heap before
{Heap before GC invocations=7 (full 0):
 garbage-first heap   total 131072K, used 79997K [0x0000000081c00000, 0x0000000100000000)
  region size 1024K, 45 young (46080K), 3 survivors (3072K)
 Metaspace       used 28008K, capacity 28782K, committed 29184K, reserved 1075200K
  class space    used 2909K, capacity 3218K, committed 3328K, reserved 1048576K
}
Event: 11.164 GC heap after
{Heap after GC invocations=8 (full 0):
 garbage-first heap   total 131072K, used 37631K [0x0000000081c00000, 0x0000000100000000)
  region size 1024K, 4 young (4096K), 4 survivors (4096K)
 Metaspace       used 28008K, capacity 28782K, committed 29184K, reserved 1075200K
  class space    used 2909K, capacity 3218K, committed 3328K, reserved 1048576K
}
Event: 11.637 GC heap before
{Heap before GC invocations=8 (full 0):
 garbage-first heap   total 131072K, used 86783K [0x0000000081c00000, 0x0000000100000000)
  region size 1024K, 52 young (53248K), 4 survivors (4096K)
 Metaspace       used 28106K, capacity 28878K, committed 29184K, reserved 1075200K
  class space    used 2915K, capacity 3250K, committed 3328K, reserved 1048576K
}
Event: 11.649 GC heap after
{Heap after GC invocations=9 (full 0):
 garbage-first heap   total 131072K, used 39608K [0x0000000081c00000, 0x0000000100000000)
  region size 1024K, 6 young (6144K), 6 survivors (6144K)
 Metaspace       used 28106K, capacity 28878K, committed 29184K, reserved 1075200K
  class space    used 2915K, capacity 3250K, committed 3328K, reserved 1048576K
}
Event: 13.576 GC heap before
{Heap before GC invocations=9 (full 0):
 garbage-first heap   total 131072K, used 96952K [0x0000000081c00000, 0x0000000100000000)
  region size 1024K, 60 young (61440K), 6 survivors (6144K)
 Metaspace       used 29058K, capacity 29885K, committed 29952K, reserved 1075200K
  class space    used 2994K, capacity 3328K, committed 3328K, reserved 1048576K
}
Event: 13.584 GC heap after
{Heap after GC invocations=10 (full 0):
 garbage-first heap   total 131072K, used 40337K [0x0000000081c00000, 0x0000000100000000)
  region size 1024K, 3 young (3072K), 3 survivors (3072K)
 Metaspace       used 29058K, capacity 29885K, committed 29952K, reserved 1075200K
  class space    used 2994K, capacity 3328K, committed 3328K, reserved 1048576K
}

