# JRE version: OpenJDK Runtime Environment (11.0.5+10) (build 11.0.5+10-b520.30)
# Java VM: OpenJDK 64-Bit Server VM (11.0.5+10-b520.30, mixed mode, sharing, tiered, compressed oops, g1 gc, windows-amd64)
Heap:
 garbage-first heap   total 157696K, used 124509K [0x0000000081c00000, 0x0000000100000000)
  region size 1024K, 81 young (82944K), 1 survivors (1024K)
 Metaspace       used 23240K, capacity 23994K, committed 24192K, reserved 1071104K
  class space    used 2334K, capacity 2640K, committed 2688K, reserved 1048576K
GC Heap History (20 events):
Event: 5.708 GC heap before
{Heap before GC invocations=14 (full 0):
 garbage-first heap   total 131072K, used 112883K [0x0000000081c00000, 0x0000000100000000)
  region size 1024K, 71 young (72704K), 4 survivors (4096K)
 Metaspace       used 21105K, capacity 21886K, committed 22016K, reserved 1069056K
  class space    used 2221K, capacity 2558K, committed 2560K, reserved 1048576K
}
Event: 5.710 GC heap after
{Heap after GC invocations=15 (full 0):
 garbage-first heap   total 131072K, used 42697K [0x0000000081c00000, 0x0000000100000000)
  region size 1024K, 3 young (3072K), 3 survivors (3072K)
 Metaspace       used 21105K, capacity 21886K, committed 22016K, reserved 1069056K
  class space    used 2221K, capacity 2558K, committed 2560K, reserved 1048576K
}
Event: 5.786 GC heap before
{Heap before GC invocations=15 (full 0):
 garbage-first heap   total 131072K, used 111305K [0x0000000081c00000, 0x0000000100000000)
  region size 1024K, 70 young (71680K), 3 survivors (3072K)
 Metaspace       used 21105K, capacity 21886K, committed 22016K, reserved 1069056K
  class space    used 2221K, capacity 2558K, committed 2560K, reserved 1048576K
}
Event: 5.788 GC heap after
{Heap after GC invocations=16 (full 0):
 garbage-first heap   total 131072K, used 42601K [0x0000000081c00000, 0x0000000100000000)
  region size 1024K, 2 young (2048K), 2 survivors (2048K)
 Metaspace       used 21105K, capacity 21886K, committed 22016K, reserved 1069056K
  class space    used 2221K, capacity 2558K, committed 2560K, reserved 1048576K
}
Event: 5.942 GC heap before
{Heap before GC invocations=16 (full 0):
 garbage-first heap   total 131072K, used 112233K [0x0000000081c00000, 0x0000000100000000)
  region size 1024K, 70 young (71680K), 2 survivors (2048K)
 Metaspace       used 21111K, capacity 21886K, committed 22016K, reserved 1069056K
  class space    used 2221K, capacity 2558K, committed 2560K, reserved 1048576K
}
Event: 5.944 GC heap after
{Heap after GC invocations=17 (full 0):
 garbage-first heap   total 131072K, used 43255K [0x0000000081c00000, 0x0000000100000000)
  region size 1024K, 3 young (3072K), 3 survivors (3072K)
 Metaspace       used 21111K, capacity 21886K, committed 22016K, reserved 1069056K
  class space    used 2221K, capacity 2558K, committed 2560K, reserved 1048576K
}
Event: 6.062 GC heap before
{Heap before GC invocations=17 (full 0):
 garbage-first heap   total 131072K, used 112887K [0x0000000081c00000, 0x0000000100000000)
  region size 1024K, 71 young (72704K), 3 survivors (3072K)
 Metaspace       used 21121K, capacity 21886K, committed 22016K, reserved 1069056K
  class space    used 2221K, capacity 2558K, committed 2560K, reserved 1048576K
}
Event: 6.064 GC heap after
{Heap after GC invocations=18 (full 0):
 garbage-first heap   total 131072K, used 42676K [0x0000000081c00000, 0x0000000100000000)
  region size 1024K, 3 young (3072K), 3 survivors (3072K)
 Metaspace       used 21121K, capacity 21886K, committed 22016K, reserved 1069056K
  class space    used 2221K, capacity 2558K, committed 2560K, reserved 1048576K
}
Event: 6.145 GC heap before
{Heap before GC invocations=18 (full 0):
 garbage-first heap   total 131072K, used 112308K [0x0000000081c00000, 0x0000000100000000)
  region size 1024K, 71 young (72704K), 3 survivors (3072K)
 Metaspace       used 21121K, capacity 21886K, committed 22016K, reserved 1069056K
  class space    used 2221K, capacity 2558K, committed 2560K, reserved 1048576K
}
Event: 6.149 GC heap after
{Heap after GC invocations=19 (full 0):
 garbage-first heap   total 157696K, used 44649K [0x0000000081c00000, 0x0000000100000000)
  region size 1024K, 4 young (4096K), 4 survivors (4096K)
 Metaspace       used 21121K, capacity 21886K, committed 22016K, reserved 1069056K
  class space    used 2221K, capacity 2558K, committed 2560K, reserved 1048576K
}
Event: 6.253 GC heap before
{Heap before GC invocations=19 (full 0):
 garbage-first heap   total 157696K, used 125545K [0x0000000081c00000, 0x0000000100000000)
  region size 1024K, 83 young (84992K), 4 survivors (4096K)
 Metaspace       used 21122K, capacity 21886K, committed 22016K, reserved 1069056K
  class space    used 2221K, capacity 2558K, committed 2560K, reserved 1048576K
}
Event: 6.255 GC heap after
{Heap after GC invocations=20 (full 0):
 garbage-first heap   total 157696K, used 42808K [0x0000000081c00000, 0x0000000100000000)
  region size 1024K, 2 young (2048K), 2 survivors (2048K)
 Metaspace       used 21122K, capacity 21886K, committed 22016K, reserved 1069056K
  class space    used 2221K, capacity 2558K, committed 2560K, reserved 1048576K
}
Event: 6.524 GC heap before
{Heap before GC invocations=20 (full 0):
 garbage-first heap   total 157696K, used 134968K [0x0000000081c00000, 0x0000000100000000)
  region size 1024K, 92 young (94208K), 2 survivors (2048K)
 Metaspace       used 21168K, capacity 21950K, committed 22016K, reserved 1069056K
  class space    used 2224K, capacity 2558K, committed 2560K, reserved 1048576K
}
Event: 6.526 GC heap after
{Heap after GC invocations=21 (full 0):
 garbage-first heap   total 157696K, used 43653K [0x0000000081c00000, 0x0000000100000000)
  region size 1024K, 2 young (2048K), 2 survivors (2048K)
 Metaspace       used 21168K, capacity 21950K, committed 22016K, reserved 1069056K
  class space    used 2224K, capacity 2558K, committed 2560K, reserved 1048576K
}
Event: 8.038 GC heap before
{Heap before GC invocations=21 (full 0):
 garbage-first heap   total 157696K, used 135813K [0x0000000081c00000, 0x0000000100000000)
  region size 1024K, 92 young (94208K), 2 survivors (2048K)
 Metaspace       used 22157K, capacity 22945K, committed 23168K, reserved 1069056K
  class space    used 2256K, capacity 2590K, committed 2688K, reserved 1048576K
}
Event: 8.041 GC heap after
{Heap after GC invocations=22 (full 0):
 garbage-first heap   total 157696K, used 42654K [0x0000000081c00000, 0x0000000100000000)
  region size 1024K, 1 young (1024K), 1 survivors (1024K)
 Metaspace       used 22157K, capacity 22945K, committed 23168K, reserved 1069056K
  class space    used 2256K, capacity 2590K, committed 2688K, reserved 1048576K
}
Event: 10.251 GC heap before
{Heap before GC invocations=22 (full 0):
 garbage-first heap   total 157696K, used 135838K [0x0000000081c00000, 0x0000000100000000)
  region size 1024K, 92 young (94208K), 1 survivors (1024K)
 Metaspace       used 22217K, capacity 23010K, committed 23168K, reserved 1069056K
  class space    used 2256K, capacity 2590K, committed 2688K, reserved 1048576K
}
Event: 10.253 GC heap after
{Heap after GC invocations=23 (full 0):
 garbage-first heap   total 157696K, used 42595K [0x0000000081c00000, 0x0000000100000000)
  region size 1024K, 1 young (1024K), 1 survivors (1024K)
 Metaspace       used 22217K, capacity 23010K, committed 23168K, reserved 1069056K
  class space    used 2256K, capacity 2590K, committed 2688K, reserved 1048576K
}
Event: 12.868 GC heap before
{Heap before GC invocations=23 (full 0):
 garbage-first heap   total 157696K, used 135779K [0x0000000081c00000, 0x0000000100000000)
  region size 1024K, 92 young (94208K), 1 survivors (1024K)
 Metaspace       used 22278K, capacity 23074K, committed 23424K, reserved 1071104K
  class space    used 2256K, capacity 2590K, committed 2688K, reserved 1048576K
}
Event: 12.870 GC heap after
{Heap after GC invocations=24 (full 0):
 garbage-first heap   total 157696K, used 42589K [0x0000000081c00000, 0x0000000100000000)
  region size 1024K, 1 young (1024K), 1 survivors (1024K)
 Metaspace       used 22278K, capacity 23074K, committed 23424K, reserved 1071104K
  class space    used 2256K, capacity 2590K, committed 2688K, reserved 1048576K
}

