# JRE version: OpenJDK Runtime Environment (11.0.6+8) (build 11.0.6+8-b520.43)
# Java VM: OpenJDK 64-Bit Server VM (11.0.6+8-b520.43, mixed mode, tiered, compressed oops, g1 gc, windows-amd64)
Heap:
 garbage-first heap   total 131072K, used 75457K [0x0000000081c00000, 0x0000000100000000)
  region size 1024K, 36 young (36864K), 1 survivors (1024K)
 Metaspace       used 30676K, capacity 31420K, committed 31616K, reserved 1077248K
  class space    used 3030K, capacity 3366K, committed 3456K, reserved 1048576K
GC Heap History (20 events):
Event: 42.950 GC heap before
{Heap before GC invocations=16 (full 0):
 garbage-first heap   total 131072K, used 108882K [0x0000000081c00000, 0x0000000100000000)
  region size 1024K, 69 young (70656K), 2 survivors (2048K)
 Metaspace       used 30466K, capacity 31220K, committed 31360K, reserved 1077248K
  class space    used 3030K, capacity 3365K, committed 3456K, reserved 1048576K
}
Event: 42.956 GC heap after
{Heap after GC invocations=17 (full 0):
 garbage-first heap   total 131072K, used 40276K [0x0000000081c00000, 0x0000000100000000)
  region size 1024K, 2 young (2048K), 2 survivors (2048K)
 Metaspace       used 30466K, capacity 31220K, committed 31360K, reserved 1077248K
  class space    used 3030K, capacity 3365K, committed 3456K, reserved 1048576K
}
Event: 45.409 GC heap before
{Heap before GC invocations=17 (full 0):
 garbage-first heap   total 131072K, used 108884K [0x0000000081c00000, 0x0000000100000000)
  region size 1024K, 69 young (70656K), 2 survivors (2048K)
 Metaspace       used 30495K, capacity 31284K, committed 31616K, reserved 1077248K
  class space    used 3030K, capacity 3365K, committed 3456K, reserved 1048576K
}
Event: 45.413 GC heap after
{Heap after GC invocations=18 (full 0):
 garbage-first heap   total 131072K, used 40248K [0x0000000081c00000, 0x0000000100000000)
  region size 1024K, 2 young (2048K), 2 survivors (2048K)
 Metaspace       used 30495K, capacity 31284K, committed 31616K, reserved 1077248K
  class space    used 3030K, capacity 3365K, committed 3456K, reserved 1048576K
}
Event: 46.188 GC heap before
{Heap before GC invocations=18 (full 0):
 garbage-first heap   total 131072K, used 109880K [0x0000000081c00000, 0x0000000100000000)
  region size 1024K, 70 young (71680K), 2 survivors (2048K)
 Metaspace       used 30530K, capacity 31348K, committed 31616K, reserved 1077248K
  class space    used 3030K, capacity 3365K, committed 3456K, reserved 1048576K
}
Event: 46.196 GC heap after
{Heap after GC invocations=19 (full 0):
 garbage-first heap   total 131072K, used 41316K [0x0000000081c00000, 0x0000000100000000)
  region size 1024K, 3 young (3072K), 3 survivors (3072K)
 Metaspace       used 30530K, capacity 31348K, committed 31616K, reserved 1077248K
  class space    used 3030K, capacity 3365K, committed 3456K, reserved 1048576K
}
Event: 47.262 GC heap before
{Heap before GC invocations=19 (full 0):
 garbage-first heap   total 131072K, used 110948K [0x0000000081c00000, 0x0000000100000000)
  region size 1024K, 71 young (72704K), 3 survivors (3072K)
 Metaspace       used 30554K, capacity 31348K, committed 31616K, reserved 1077248K
  class space    used 3030K, capacity 3365K, committed 3456K, reserved 1048576K
}
Event: 47.266 GC heap after
{Heap after GC invocations=20 (full 0):
 garbage-first heap   total 131072K, used 40545K [0x0000000081c00000, 0x0000000100000000)
  region size 1024K, 2 young (2048K), 2 survivors (2048K)
 Metaspace       used 30554K, capacity 31348K, committed 31616K, reserved 1077248K
  class space    used 3030K, capacity 3365K, committed 3456K, reserved 1048576K
}
Event: 51.157 GC heap before
{Heap before GC invocations=20 (full 0):
 garbage-first heap   total 131072K, used 111201K [0x0000000081c00000, 0x0000000100000000)
  region size 1024K, 71 young (72704K), 2 survivors (2048K)
 Metaspace       used 30574K, capacity 31350K, committed 31616K, reserved 1077248K
  class space    used 3030K, capacity 3365K, committed 3456K, reserved 1048576K
}
Event: 51.162 GC heap after
{Heap after GC invocations=21 (full 0):
 garbage-first heap   total 131072K, used 40489K [0x0000000081c00000, 0x0000000100000000)
  region size 1024K, 2 young (2048K), 2 survivors (2048K)
 Metaspace       used 30574K, capacity 31350K, committed 31616K, reserved 1077248K
  class space    used 3030K, capacity 3365K, committed 3456K, reserved 1048576K
}
Event: 53.364 GC heap before
{Heap before GC invocations=21 (full 0):
 garbage-first heap   total 131072K, used 111145K [0x0000000081c00000, 0x0000000100000000)
  region size 1024K, 71 young (72704K), 2 survivors (2048K)
 Metaspace       used 30600K, capacity 31356K, committed 31616K, reserved 1077248K
  class space    used 3030K, capacity 3366K, committed 3456K, reserved 1048576K
}
Event: 53.370 GC heap after
{Heap after GC invocations=22 (full 0):
 garbage-first heap   total 131072K, used 40658K [0x0000000081c00000, 0x0000000100000000)
  region size 1024K, 2 young (2048K), 2 survivors (2048K)
 Metaspace       used 30600K, capacity 31356K, committed 31616K, reserved 1077248K
  class space    used 3030K, capacity 3366K, committed 3456K, reserved 1048576K
}
Event: 53.523 GC heap before
{Heap before GC invocations=22 (full 0):
 garbage-first heap   total 131072K, used 111314K [0x0000000081c00000, 0x0000000100000000)
  region size 1024K, 71 young (72704K), 2 survivors (2048K)
 Metaspace       used 30605K, capacity 31356K, committed 31616K, reserved 1077248K
  class space    used 3030K, capacity 3366K, committed 3456K, reserved 1048576K
}
Event: 53.532 GC heap after
{Heap after GC invocations=23 (full 0):
 garbage-first heap   total 131072K, used 43100K [0x0000000081c00000, 0x0000000100000000)
  region size 1024K, 4 young (4096K), 4 survivors (4096K)
 Metaspace       used 30605K, capacity 31356K, committed 31616K, reserved 1077248K
  class space    used 3030K, capacity 3366K, committed 3456K, reserved 1048576K
}
Event: 56.598 GC heap before
{Heap before GC invocations=23 (full 0):
 garbage-first heap   total 131072K, used 110684K [0x0000000081c00000, 0x0000000100000000)
  region size 1024K, 71 young (72704K), 4 survivors (4096K)
 Metaspace       used 30655K, capacity 31420K, committed 31616K, reserved 1077248K
  class space    used 3030K, capacity 3366K, committed 3456K, reserved 1048576K
}
Event: 56.601 GC heap after
{Heap after GC invocations=24 (full 0):
 garbage-first heap   total 131072K, used 40750K [0x0000000081c00000, 0x0000000100000000)
  region size 1024K, 1 young (1024K), 1 survivors (1024K)
 Metaspace       used 30655K, capacity 31420K, committed 31616K, reserved 1077248K
  class space    used 3030K, capacity 3366K, committed 3456K, reserved 1048576K
}
Event: 60.935 GC heap before
{Heap before GC invocations=24 (full 0):
 garbage-first heap   total 131072K, used 111406K [0x0000000081c00000, 0x0000000100000000)
  region size 1024K, 70 young (71680K), 1 survivors (1024K)
 Metaspace       used 30661K, capacity 31420K, committed 31616K, reserved 1077248K
  class space    used 3030K, capacity 3366K, committed 3456K, reserved 1048576K
}
Event: 60.937 GC heap after
{Heap after GC invocations=25 (full 0):
 garbage-first heap   total 131072K, used 40712K [0x0000000081c00000, 0x0000000100000000)
  region size 1024K, 1 young (1024K), 1 survivors (1024K)
 Metaspace       used 30661K, capacity 31420K, committed 31616K, reserved 1077248K
  class space    used 3030K, capacity 3366K, committed 3456K, reserved 1048576K
}
Event: 66.240 GC heap before
{Heap before GC invocations=25 (full 0):
 garbage-first heap   total 131072K, used 111368K [0x0000000081c00000, 0x0000000100000000)
  region size 1024K, 70 young (71680K), 1 survivors (1024K)
 Metaspace       used 30662K, capacity 31420K, committed 31616K, reserved 1077248K
  class space    used 3030K, capacity 3366K, committed 3456K, reserved 1048576K
}
Event: 66.243 GC heap after
{Heap after GC invocations=26 (full 0):
 garbage-first heap   total 131072K, used 40641K [0x0000000081c00000, 0x0000000100000000)
  region size 1024K, 1 young (1024K), 1 survivors (1024K)
 Metaspace       used 30662K, capacity 31420K, committed 31616K, reserved 1077248K
  class space    used 3030K, capacity 3366K, committed 3456K, reserved 1048576K
}

